[2017-03-01 10:26:56.491] [INFO] log_file - ::1 - - "GET /iamges/background.png HTTP/1.1" 404 183 "http://localhost:7101/css/style.css" "Mozilla/5.0 (Windows NT 10.0; WOW64) AppleWebKit/537.36 (KHTML, like Gecko) Chrome/56.0.2902.0 Safari/537.36"
[2017-03-01 10:27:00.585] [INFO] log_file - ::1 - - "GET /doLogin?name=admin&password=admin HTTP/1.1" 302 46 "http://localhost:7101/login" "Mozilla/5.0 (Windows NT 10.0; WOW64) AppleWebKit/537.36 (KHTML, like Gecko) Chrome/56.0.2902.0 Safari/537.36"
[2017-03-01 10:27:00.589] [INFO] log_file - ::1 - - "GET / HTTP/1.1" 302 70 "http://localhost:7101/login" "Mozilla/5.0 (Windows NT 10.0; WOW64) AppleWebKit/537.36 (KHTML, like Gecko) Chrome/56.0.2902.0 Safari/537.36"
[2017-03-01 10:27:00.597] [INFO] log_file - ::1 - - "GET /manage-users HTTP/1.1" 304 - "http://localhost:7101/login" "Mozilla/5.0 (Windows NT 10.0; WOW64) AppleWebKit/537.36 (KHTML, like Gecko) Chrome/56.0.2902.0 Safari/537.36"
[2017-03-01 10:27:00.652] [INFO] log_file - ::1 - - "GET /lib/bootstrap/dist/css/bootstrap.css HTTP/1.1" 304 - "http://localhost:7101/manage-users" "Mozilla/5.0 (Windows NT 10.0; WOW64) AppleWebKit/537.36 (KHTML, like Gecko) Chrome/56.0.2902.0 Safari/537.36"
[2017-03-01 10:27:00.653] [INFO] log_file - ::1 - - "GET /css/font-awesome.min.css HTTP/1.1" 304 - "http://localhost:7101/manage-users" "Mozilla/5.0 (Windows NT 10.0; WOW64) AppleWebKit/537.36 (KHTML, like Gecko) Chrome/56.0.2902.0 Safari/537.36"
[2017-03-01 10:27:00.656] [INFO] log_file - ::1 - - "GET /lib/bootstrap-fileinput/css/fileinput.min.css HTTP/1.1" 304 - "http://localhost:7101/manage-users" "Mozilla/5.0 (Windows NT 10.0; WOW64) AppleWebKit/537.36 (KHTML, like Gecko) Chrome/56.0.2902.0 Safari/537.36"
[2017-03-01 10:27:00.656] [INFO] log_file - ::1 - - "GET /css/templatemo-style.css HTTP/1.1" 304 - "http://localhost:7101/manage-users" "Mozilla/5.0 (Windows NT 10.0; WOW64) AppleWebKit/537.36 (KHTML, like Gecko) Chrome/56.0.2902.0 Safari/537.36"
[2017-03-01 10:27:00.665] [INFO] log_file - ::1 - - "GET /lib/jquery/dist/jquery.js HTTP/1.1" 304 - "http://localhost:7101/manage-users" "Mozilla/5.0 (Windows NT 10.0; WOW64) AppleWebKit/537.36 (KHTML, like Gecko) Chrome/56.0.2902.0 Safari/537.36"
[2017-03-01 10:27:00.670] [INFO] log_file - ::1 - - "GET /js/templatemo-script.js HTTP/1.1" 304 - "http://localhost:7101/manage-users" "Mozilla/5.0 (Windows NT 10.0; WOW64) AppleWebKit/537.36 (KHTML, like Gecko) Chrome/56.0.2902.0 Safari/537.36"
[2017-03-01 10:27:00.674] [INFO] log_file - ::1 - - "GET /lib/angular/angular.js HTTP/1.1" 304 - "http://localhost:7101/manage-users" "Mozilla/5.0 (Windows NT 10.0; WOW64) AppleWebKit/537.36 (KHTML, like Gecko) Chrome/56.0.2902.0 Safari/537.36"
[2017-03-01 10:27:00.680] [INFO] log_file - ::1 - - "GET /lib/bootstrap/dist/js/bootstrap.js HTTP/1.1" 304 - "http://localhost:7101/manage-users" "Mozilla/5.0 (Windows NT 10.0; WOW64) AppleWebKit/537.36 (KHTML, like Gecko) Chrome/56.0.2902.0 Safari/537.36"
[2017-03-01 10:27:00.685] [INFO] log_file - ::1 - - "GET /lib/bootstrap-fileinput/js/fileinput.min.js HTTP/1.1" 304 - "http://localhost:7101/manage-users" "Mozilla/5.0 (Windows NT 10.0; WOW64) AppleWebKit/537.36 (KHTML, like Gecko) Chrome/56.0.2902.0 Safari/537.36"
[2017-03-01 10:27:00.691] [INFO] log_file - ::1 - - "GET /lib/bootstrap-fileinput/js/fileinput_locale_zh.js HTTP/1.1" 304 - "http://localhost:7101/manage-users" "Mozilla/5.0 (Windows NT 10.0; WOW64) AppleWebKit/537.36 (KHTML, like Gecko) Chrome/56.0.2902.0 Safari/537.36"
[2017-03-01 10:27:00.697] [INFO] log_file - ::1 - - "GET /webapp.js HTTP/1.1" 304 - "http://localhost:7101/manage-users" "Mozilla/5.0 (Windows NT 10.0; WOW64) AppleWebKit/537.36 (KHTML, like Gecko) Chrome/56.0.2902.0 Safari/537.36"
[2017-03-01 10:27:00.703] [INFO] log_file - ::1 - - "GET /services/user.client.service.js HTTP/1.1" 304 - "http://localhost:7101/manage-users" "Mozilla/5.0 (Windows NT 10.0; WOW64) AppleWebKit/537.36 (KHTML, like Gecko) Chrome/56.0.2902.0 Safari/537.36"
[2017-03-01 10:27:00.710] [INFO] log_file - ::1 - - "GET /controllers/user.client.controller.js HTTP/1.1" 304 - "http://localhost:7101/manage-users" "Mozilla/5.0 (Windows NT 10.0; WOW64) AppleWebKit/537.36 (KHTML, like Gecko) Chrome/56.0.2902.0 Safari/537.36"
[2017-03-01 10:27:00.717] [INFO] log_file - ::1 - - "GET /lib/moment/moment.js HTTP/1.1" 304 - "http://localhost:7101/manage-users" "Mozilla/5.0 (Windows NT 10.0; WOW64) AppleWebKit/537.36 (KHTML, like Gecko) Chrome/56.0.2902.0 Safari/537.36"
[2017-03-01 10:27:00.722] [INFO] log_file - ::1 - - "GET /images/profile-photo.jpg HTTP/1.1" 304 - "http://localhost:7101/manage-users" "Mozilla/5.0 (Windows NT 10.0; WOW64) AppleWebKit/537.36 (KHTML, like Gecko) Chrome/56.0.2902.0 Safari/537.36"
[2017-03-01 10:27:00.874] [INFO] log_file - ::1 - - "GET /fonts/fontawesome-webfont.woff2?v=4.3.0 HTTP/1.1" 304 - "http://localhost:7101/css/font-awesome.min.css" "Mozilla/5.0 (Windows NT 10.0; WOW64) AppleWebKit/537.36 (KHTML, like Gecko) Chrome/56.0.2902.0 Safari/537.36"
[2017-03-01 10:27:00.931] [INFO] log_file - ::1 - - "GET /data/user HTTP/1.1" 304 - "http://localhost:7101/manage-users" "Mozilla/5.0 (Windows NT 10.0; WOW64) AppleWebKit/537.36 (KHTML, like Gecko) Chrome/56.0.2902.0 Safari/537.36"
[2017-03-01 10:27:00.941] [INFO] log_file - ::1 - - "GET /currentUser HTTP/1.1" 200 269 "http://localhost:7101/manage-users" "Mozilla/5.0 (Windows NT 10.0; WOW64) AppleWebKit/537.36 (KHTML, like Gecko) Chrome/56.0.2902.0 Safari/537.36"
[2017-03-01 10:27:03.744] [INFO] log_file - ::1 - - "GET /data/user/58b62ecc66ebcea812479a41 HTTP/1.1" 200 352 "http://localhost:7101/manage-users" "Mozilla/5.0 (Windows NT 10.0; WOW64) AppleWebKit/537.36 (KHTML, like Gecko) Chrome/56.0.2902.0 Safari/537.36"
[2017-03-01 10:27:24.514] [INFO] log_file - ::1 - - "PUT /user/update HTTP/1.1" 200 9 "http://localhost:7101/manage-users" "Mozilla/5.0 (Windows NT 10.0; WOW64) AppleWebKit/537.36 (KHTML, like Gecko) Chrome/56.0.2902.0 Safari/537.36"
[2017-03-01 10:27:24.525] [INFO] log_file - ::1 - - "GET /data/user HTTP/1.1" 200 523 "http://localhost:7101/manage-users" "Mozilla/5.0 (Windows NT 10.0; WOW64) AppleWebKit/537.36 (KHTML, like Gecko) Chrome/56.0.2902.0 Safari/537.36"
[2017-03-01 10:34:23.882] [INFO] log_file - ::1 - - "GET /manage-users HTTP/1.1" 304 - "http://localhost:7101/login" "Mozilla/5.0 (Windows NT 10.0; WOW64) AppleWebKit/537.36 (KHTML, like Gecko) Chrome/56.0.2902.0 Safari/537.36"
[2017-03-01 10:34:23.999] [INFO] log_file - ::1 - - "GET /lib/bootstrap/dist/css/bootstrap.css HTTP/1.1" 304 - "http://localhost:7101/manage-users" "Mozilla/5.0 (Windows NT 10.0; WOW64) AppleWebKit/537.36 (KHTML, like Gecko) Chrome/56.0.2902.0 Safari/537.36"
[2017-03-01 10:34:24.001] [INFO] log_file - ::1 - - "GET /lib/bootstrap-fileinput/css/fileinput.min.css HTTP/1.1" 304 - "http://localhost:7101/manage-users" "Mozilla/5.0 (Windows NT 10.0; WOW64) AppleWebKit/537.36 (KHTML, like Gecko) Chrome/56.0.2902.0 Safari/537.36"
[2017-03-01 10:34:24.007] [INFO] log_file - ::1 - - "GET /css/font-awesome.min.css HTTP/1.1" 304 - "http://localhost:7101/manage-users" "Mozilla/5.0 (Windows NT 10.0; WOW64) AppleWebKit/537.36 (KHTML, like Gecko) Chrome/56.0.2902.0 Safari/537.36"
[2017-03-01 10:34:24.010] [INFO] log_file - ::1 - - "GET /css/templatemo-style.css HTTP/1.1" 304 - "http://localhost:7101/manage-users" "Mozilla/5.0 (Windows NT 10.0; WOW64) AppleWebKit/537.36 (KHTML, like Gecko) Chrome/56.0.2902.0 Safari/537.36"
[2017-03-01 10:34:24.101] [INFO] log_file - ::1 - - "GET /lib/jquery/dist/jquery.js HTTP/1.1" 304 - "http://localhost:7101/manage-users" "Mozilla/5.0 (Windows NT 10.0; WOW64) AppleWebKit/537.36 (KHTML, like Gecko) Chrome/56.0.2902.0 Safari/537.36"
[2017-03-01 10:34:24.107] [INFO] log_file - ::1 - - "GET /js/templatemo-script.js HTTP/1.1" 304 - "http://localhost:7101/manage-users" "Mozilla/5.0 (Windows NT 10.0; WOW64) AppleWebKit/537.36 (KHTML, like Gecko) Chrome/56.0.2902.0 Safari/537.36"
[2017-03-01 10:34:24.114] [INFO] log_file - ::1 - - "GET /lib/angular/angular.js HTTP/1.1" 304 - "http://localhost:7101/manage-users" "Mozilla/5.0 (Windows NT 10.0; WOW64) AppleWebKit/537.36 (KHTML, like Gecko) Chrome/56.0.2902.0 Safari/537.36"
[2017-03-01 10:34:24.124] [INFO] log_file - ::1 - - "GET /lib/bootstrap/dist/js/bootstrap.js HTTP/1.1" 304 - "http://localhost:7101/manage-users" "Mozilla/5.0 (Windows NT 10.0; WOW64) AppleWebKit/537.36 (KHTML, like Gecko) Chrome/56.0.2902.0 Safari/537.36"
[2017-03-01 10:34:24.131] [INFO] log_file - ::1 - - "GET /lib/bootstrap-fileinput/js/fileinput.min.js HTTP/1.1" 304 - "http://localhost:7101/manage-users" "Mozilla/5.0 (Windows NT 10.0; WOW64) AppleWebKit/537.36 (KHTML, like Gecko) Chrome/56.0.2902.0 Safari/537.36"
[2017-03-01 10:34:24.139] [INFO] log_file - ::1 - - "GET /lib/bootstrap-fileinput/js/fileinput_locale_zh.js HTTP/1.1" 304 - "http://localhost:7101/manage-users" "Mozilla/5.0 (Windows NT 10.0; WOW64) AppleWebKit/537.36 (KHTML, like Gecko) Chrome/56.0.2902.0 Safari/537.36"
[2017-03-01 10:34:24.147] [INFO] log_file - ::1 - - "GET /webapp.js HTTP/1.1" 304 - "http://localhost:7101/manage-users" "Mozilla/5.0 (Windows NT 10.0; WOW64) AppleWebKit/537.36 (KHTML, like Gecko) Chrome/56.0.2902.0 Safari/537.36"
[2017-03-01 10:34:24.161] [INFO] log_file - ::1 - - "GET /services/user.client.service.js HTTP/1.1" 304 - "http://localhost:7101/manage-users" "Mozilla/5.0 (Windows NT 10.0; WOW64) AppleWebKit/537.36 (KHTML, like Gecko) Chrome/56.0.2902.0 Safari/537.36"
[2017-03-01 10:34:24.167] [INFO] log_file - ::1 - - "GET /controllers/user.client.controller.js HTTP/1.1" 304 - "http://localhost:7101/manage-users" "Mozilla/5.0 (Windows NT 10.0; WOW64) AppleWebKit/537.36 (KHTML, like Gecko) Chrome/56.0.2902.0 Safari/537.36"
[2017-03-01 10:34:24.174] [INFO] log_file - ::1 - - "GET /lib/moment/moment.js HTTP/1.1" 304 - "http://localhost:7101/manage-users" "Mozilla/5.0 (Windows NT 10.0; WOW64) AppleWebKit/537.36 (KHTML, like Gecko) Chrome/56.0.2902.0 Safari/537.36"
[2017-03-01 10:34:24.182] [INFO] log_file - ::1 - - "GET /images/profile-photo.jpg HTTP/1.1" 304 - "http://localhost:7101/manage-users" "Mozilla/5.0 (Windows NT 10.0; WOW64) AppleWebKit/537.36 (KHTML, like Gecko) Chrome/56.0.2902.0 Safari/537.36"
[2017-03-01 10:34:24.464] [INFO] log_file - ::1 - - "GET /fonts/fontawesome-webfont.woff2?v=4.3.0 HTTP/1.1" 304 - "http://localhost:7101/css/font-awesome.min.css" "Mozilla/5.0 (Windows NT 10.0; WOW64) AppleWebKit/537.36 (KHTML, like Gecko) Chrome/56.0.2902.0 Safari/537.36"
[2017-03-01 10:34:24.534] [INFO] log_file - ::1 - - "GET /data/user HTTP/1.1" 304 - "http://localhost:7101/manage-users" "Mozilla/5.0 (Windows NT 10.0; WOW64) AppleWebKit/537.36 (KHTML, like Gecko) Chrome/56.0.2902.0 Safari/537.36"
[2017-03-01 10:34:24.538] [INFO] log_file - ::1 - - "GET /currentUser HTTP/1.1" 304 - "http://localhost:7101/manage-users" "Mozilla/5.0 (Windows NT 10.0; WOW64) AppleWebKit/537.36 (KHTML, like Gecko) Chrome/56.0.2902.0 Safari/537.36"
[2017-03-01 10:35:21.492] [INFO] log_file - ::1 - - "GET /manage-users HTTP/1.1" 304 - "http://localhost:7101/login" "Mozilla/5.0 (Windows NT 10.0; WOW64) AppleWebKit/537.36 (KHTML, like Gecko) Chrome/56.0.2902.0 Safari/537.36"
[2017-03-01 10:35:21.632] [INFO] log_file - ::1 - - "GET /lib/bootstrap/dist/css/bootstrap.css HTTP/1.1" 304 - "http://localhost:7101/manage-users" "Mozilla/5.0 (Windows NT 10.0; WOW64) AppleWebKit/537.36 (KHTML, like Gecko) Chrome/56.0.2902.0 Safari/537.36"
[2017-03-01 10:35:21.637] [INFO] log_file - ::1 - - "GET /lib/bootstrap-fileinput/css/fileinput.min.css HTTP/1.1" 304 - "http://localhost:7101/manage-users" "Mozilla/5.0 (Windows NT 10.0; WOW64) AppleWebKit/537.36 (KHTML, like Gecko) Chrome/56.0.2902.0 Safari/537.36"
[2017-03-01 10:35:21.736] [INFO] log_file - ::1 - - "GET /css/font-awesome.min.css HTTP/1.1" 304 - "http://localhost:7101/manage-users" "Mozilla/5.0 (Windows NT 10.0; WOW64) AppleWebKit/537.36 (KHTML, like Gecko) Chrome/56.0.2902.0 Safari/537.36"
[2017-03-01 10:35:21.740] [INFO] log_file - ::1 - - "GET /css/templatemo-style.css HTTP/1.1" 304 - "http://localhost:7101/manage-users" "Mozilla/5.0 (Windows NT 10.0; WOW64) AppleWebKit/537.36 (KHTML, like Gecko) Chrome/56.0.2902.0 Safari/537.36"
[2017-03-01 10:35:21.834] [INFO] log_file - ::1 - - "GET /lib/jquery/dist/jquery.js HTTP/1.1" 304 - "http://localhost:7101/manage-users" "Mozilla/5.0 (Windows NT 10.0; WOW64) AppleWebKit/537.36 (KHTML, like Gecko) Chrome/56.0.2902.0 Safari/537.36"
[2017-03-01 10:35:21.840] [INFO] log_file - ::1 - - "GET /js/templatemo-script.js HTTP/1.1" 304 - "http://localhost:7101/manage-users" "Mozilla/5.0 (Windows NT 10.0; WOW64) AppleWebKit/537.36 (KHTML, like Gecko) Chrome/56.0.2902.0 Safari/537.36"
[2017-03-01 10:35:21.846] [INFO] log_file - ::1 - - "GET /lib/angular/angular.js HTTP/1.1" 304 - "http://localhost:7101/manage-users" "Mozilla/5.0 (Windows NT 10.0; WOW64) AppleWebKit/537.36 (KHTML, like Gecko) Chrome/56.0.2902.0 Safari/537.36"
[2017-03-01 10:35:21.855] [INFO] log_file - ::1 - - "GET /lib/bootstrap/dist/js/bootstrap.js HTTP/1.1" 304 - "http://localhost:7101/manage-users" "Mozilla/5.0 (Windows NT 10.0; WOW64) AppleWebKit/537.36 (KHTML, like Gecko) Chrome/56.0.2902.0 Safari/537.36"
[2017-03-01 10:35:21.863] [INFO] log_file - ::1 - - "GET /lib/bootstrap-fileinput/js/fileinput.min.js HTTP/1.1" 304 - "http://localhost:7101/manage-users" "Mozilla/5.0 (Windows NT 10.0; WOW64) AppleWebKit/537.36 (KHTML, like Gecko) Chrome/56.0.2902.0 Safari/537.36"
[2017-03-01 10:35:21.873] [INFO] log_file - ::1 - - "GET /lib/bootstrap-fileinput/js/fileinput_locale_zh.js HTTP/1.1" 304 - "http://localhost:7101/manage-users" "Mozilla/5.0 (Windows NT 10.0; WOW64) AppleWebKit/537.36 (KHTML, like Gecko) Chrome/56.0.2902.0 Safari/537.36"
[2017-03-01 10:35:21.883] [INFO] log_file - ::1 - - "GET /webapp.js HTTP/1.1" 304 - "http://localhost:7101/manage-users" "Mozilla/5.0 (Windows NT 10.0; WOW64) AppleWebKit/537.36 (KHTML, like Gecko) Chrome/56.0.2902.0 Safari/537.36"
[2017-03-01 10:35:21.890] [INFO] log_file - ::1 - - "GET /services/user.client.service.js HTTP/1.1" 304 - "http://localhost:7101/manage-users" "Mozilla/5.0 (Windows NT 10.0; WOW64) AppleWebKit/537.36 (KHTML, like Gecko) Chrome/56.0.2902.0 Safari/537.36"
[2017-03-01 10:35:21.899] [INFO] log_file - ::1 - - "GET /controllers/user.client.controller.js HTTP/1.1" 304 - "http://localhost:7101/manage-users" "Mozilla/5.0 (Windows NT 10.0; WOW64) AppleWebKit/537.36 (KHTML, like Gecko) Chrome/56.0.2902.0 Safari/537.36"
[2017-03-01 10:35:21.906] [INFO] log_file - ::1 - - "GET /lib/moment/moment.js HTTP/1.1" 304 - "http://localhost:7101/manage-users" "Mozilla/5.0 (Windows NT 10.0; WOW64) AppleWebKit/537.36 (KHTML, like Gecko) Chrome/56.0.2902.0 Safari/537.36"
[2017-03-01 10:35:21.913] [INFO] log_file - ::1 - - "GET /images/profile-photo.jpg HTTP/1.1" 304 - "http://localhost:7101/manage-users" "Mozilla/5.0 (Windows NT 10.0; WOW64) AppleWebKit/537.36 (KHTML, like Gecko) Chrome/56.0.2902.0 Safari/537.36"
[2017-03-01 10:35:22.091] [INFO] log_file - ::1 - - "GET /fonts/fontawesome-webfont.woff2?v=4.3.0 HTTP/1.1" 304 - "http://localhost:7101/css/font-awesome.min.css" "Mozilla/5.0 (Windows NT 10.0; WOW64) AppleWebKit/537.36 (KHTML, like Gecko) Chrome/56.0.2902.0 Safari/537.36"
[2017-03-01 10:35:22.158] [INFO] log_file - ::1 - - "GET /data/user HTTP/1.1" 304 - "http://localhost:7101/manage-users" "Mozilla/5.0 (Windows NT 10.0; WOW64) AppleWebKit/537.36 (KHTML, like Gecko) Chrome/56.0.2902.0 Safari/537.36"
[2017-03-01 10:35:22.161] [INFO] log_file - ::1 - - "GET /currentUser HTTP/1.1" 304 - "http://localhost:7101/manage-users" "Mozilla/5.0 (Windows NT 10.0; WOW64) AppleWebKit/537.36 (KHTML, like Gecko) Chrome/56.0.2902.0 Safari/537.36"
[2017-03-01 10:35:29.722] [INFO] log_file - ::1 - - "GET /logout HTTP/1.1" 302 46 "http://localhost:7101/manage-users" "Mozilla/5.0 (Windows NT 10.0; WOW64) AppleWebKit/537.36 (KHTML, like Gecko) Chrome/56.0.2902.0 Safari/537.36"
[2017-03-01 10:35:29.745] [INFO] log_file - ::1 - - "GET / HTTP/1.1" 302 56 "http://localhost:7101/manage-users" "Mozilla/5.0 (Windows NT 10.0; WOW64) AppleWebKit/537.36 (KHTML, like Gecko) Chrome/56.0.2902.0 Safari/537.36"
[2017-03-01 10:35:29.758] [INFO] log_file - ::1 - - "GET /login HTTP/1.1" 304 - "http://localhost:7101/manage-users" "Mozilla/5.0 (Windows NT 10.0; WOW64) AppleWebKit/537.36 (KHTML, like Gecko) Chrome/56.0.2902.0 Safari/537.36"
[2017-03-01 10:35:29.785] [INFO] log_file - ::1 - - "GET /css/style.css HTTP/1.1" 304 - "http://localhost:7101/login" "Mozilla/5.0 (Windows NT 10.0; WOW64) AppleWebKit/537.36 (KHTML, like Gecko) Chrome/56.0.2902.0 Safari/537.36"
[2017-03-01 10:35:48.754] [INFO] log_file - ::1 - - "GET /login HTTP/1.1" 304 - "http://localhost:7101/manage-users" "Mozilla/5.0 (Windows NT 10.0; WOW64) AppleWebKit/537.36 (KHTML, like Gecko) Chrome/56.0.2902.0 Safari/537.36"
[2017-03-01 10:35:48.775] [INFO] log_file - ::1 - - "GET /css/style.css HTTP/1.1" 304 - "http://localhost:7101/login" "Mozilla/5.0 (Windows NT 10.0; WOW64) AppleWebKit/537.36 (KHTML, like Gecko) Chrome/56.0.2902.0 Safari/537.36"
[2017-03-01 10:35:48.960] [INFO] log_file - ::1 - - "GET /iamges/background.png HTTP/1.1" 404 183 "http://localhost:7101/css/style.css" "Mozilla/5.0 (Windows NT 10.0; WOW64) AppleWebKit/537.36 (KHTML, like Gecko) Chrome/56.0.2902.0 Safari/537.36"
[2017-03-01 10:35:52.114] [INFO] log_file - ::1 - - "GET /logout HTTP/1.1" 302 46 "http://localhost:7101/manage-users" "Mozilla/5.0 (Windows NT 10.0; WOW64) AppleWebKit/537.36 (KHTML, like Gecko) Chrome/56.0.2902.0 Safari/537.36"
[2017-03-01 10:35:52.122] [INFO] log_file - ::1 - - "GET / HTTP/1.1" 302 56 "http://localhost:7101/manage-users" "Mozilla/5.0 (Windows NT 10.0; WOW64) AppleWebKit/537.36 (KHTML, like Gecko) Chrome/56.0.2902.0 Safari/537.36"
[2017-03-01 10:35:52.129] [INFO] log_file - ::1 - - "GET /login HTTP/1.1" 304 - "http://localhost:7101/manage-users" "Mozilla/5.0 (Windows NT 10.0; WOW64) AppleWebKit/537.36 (KHTML, like Gecko) Chrome/56.0.2902.0 Safari/537.36"
[2017-03-01 10:35:52.148] [INFO] log_file - ::1 - - "GET /css/style.css HTTP/1.1" 304 - "http://localhost:7101/login" "Mozilla/5.0 (Windows NT 10.0; WOW64) AppleWebKit/537.36 (KHTML, like Gecko) Chrome/56.0.2902.0 Safari/537.36"
[2017-03-01 10:35:52.303] [INFO] log_file - ::1 - - "GET /iamges/background.png HTTP/1.1" 404 183 "http://localhost:7101/css/style.css" "Mozilla/5.0 (Windows NT 10.0; WOW64) AppleWebKit/537.36 (KHTML, like Gecko) Chrome/56.0.2902.0 Safari/537.36"
[2017-03-01 10:36:04.127] [INFO] log_file - ::1 - - "GET /doLogin?name=admin&password=admin HTTP/1.1" 302 46 "http://localhost:7101/login" "Mozilla/5.0 (Windows NT 10.0; WOW64) AppleWebKit/537.36 (KHTML, like Gecko) Chrome/56.0.2902.0 Safari/537.36"
[2017-03-01 10:36:04.147] [INFO] log_file - ::1 - - "GET / HTTP/1.1" 302 70 "http://localhost:7101/login" "Mozilla/5.0 (Windows NT 10.0; WOW64) AppleWebKit/537.36 (KHTML, like Gecko) Chrome/56.0.2902.0 Safari/537.36"
[2017-03-01 10:36:04.232] [INFO] log_file - ::1 - - "GET /manage-users HTTP/1.1" 304 - "http://localhost:7101/login" "Mozilla/5.0 (Windows NT 10.0; WOW64) AppleWebKit/537.36 (KHTML, like Gecko) Chrome/56.0.2902.0 Safari/537.36"
[2017-03-01 10:36:04.277] [INFO] log_file - ::1 - - "GET /lib/bootstrap/dist/css/bootstrap.css HTTP/1.1" 304 - "http://localhost:7101/manage-users" "Mozilla/5.0 (Windows NT 10.0; WOW64) AppleWebKit/537.36 (KHTML, like Gecko) Chrome/56.0.2902.0 Safari/537.36"
[2017-03-01 10:36:04.282] [INFO] log_file - ::1 - - "GET /lib/bootstrap-fileinput/css/fileinput.min.css HTTP/1.1" 304 - "http://localhost:7101/manage-users" "Mozilla/5.0 (Windows NT 10.0; WOW64) AppleWebKit/537.36 (KHTML, like Gecko) Chrome/56.0.2902.0 Safari/537.36"
[2017-03-01 10:36:04.408] [INFO] log_file - ::1 - - "GET /css/font-awesome.min.css HTTP/1.1" 304 - "http://localhost:7101/manage-users" "Mozilla/5.0 (Windows NT 10.0; WOW64) AppleWebKit/537.36 (KHTML, like Gecko) Chrome/56.0.2902.0 Safari/537.36"
[2017-03-01 10:36:04.410] [INFO] log_file - ::1 - - "GET /css/templatemo-style.css HTTP/1.1" 304 - "http://localhost:7101/manage-users" "Mozilla/5.0 (Windows NT 10.0; WOW64) AppleWebKit/537.36 (KHTML, like Gecko) Chrome/56.0.2902.0 Safari/537.36"
[2017-03-01 10:36:04.585] [INFO] log_file - ::1 - - "GET /lib/jquery/dist/jquery.js HTTP/1.1" 304 - "http://localhost:7101/manage-users" "Mozilla/5.0 (Windows NT 10.0; WOW64) AppleWebKit/537.36 (KHTML, like Gecko) Chrome/56.0.2902.0 Safari/537.36"
[2017-03-01 10:36:04.592] [INFO] log_file - ::1 - - "GET /lib/bootstrap/dist/js/bootstrap.js HTTP/1.1" 304 - "http://localhost:7101/manage-users" "Mozilla/5.0 (Windows NT 10.0; WOW64) AppleWebKit/537.36 (KHTML, like Gecko) Chrome/56.0.2902.0 Safari/537.36"
[2017-03-01 10:36:04.592] [INFO] log_file - ::1 - - "GET /js/templatemo-script.js HTTP/1.1" 304 - "http://localhost:7101/manage-users" "Mozilla/5.0 (Windows NT 10.0; WOW64) AppleWebKit/537.36 (KHTML, like Gecko) Chrome/56.0.2902.0 Safari/537.36"
[2017-03-01 10:36:04.593] [INFO] log_file - ::1 - - "GET /lib/angular/angular.js HTTP/1.1" 304 - "http://localhost:7101/manage-users" "Mozilla/5.0 (Windows NT 10.0; WOW64) AppleWebKit/537.36 (KHTML, like Gecko) Chrome/56.0.2902.0 Safari/537.36"
[2017-03-01 10:36:04.596] [INFO] log_file - ::1 - - "GET /lib/bootstrap-fileinput/js/fileinput.min.js HTTP/1.1" 304 - "http://localhost:7101/manage-users" "Mozilla/5.0 (Windows NT 10.0; WOW64) AppleWebKit/537.36 (KHTML, like Gecko) Chrome/56.0.2902.0 Safari/537.36"
[2017-03-01 10:36:04.598] [INFO] log_file - ::1 - - "GET /lib/bootstrap-fileinput/js/fileinput_locale_zh.js HTTP/1.1" 304 - "http://localhost:7101/manage-users" "Mozilla/5.0 (Windows NT 10.0; WOW64) AppleWebKit/537.36 (KHTML, like Gecko) Chrome/56.0.2902.0 Safari/537.36"
[2017-03-01 10:36:04.625] [INFO] log_file - ::1 - - "GET /fonts/fontawesome-webfont.woff2?v=4.3.0 HTTP/1.1" 304 - "http://localhost:7101/css/font-awesome.min.css" "Mozilla/5.0 (Windows NT 10.0; WOW64) AppleWebKit/537.36 (KHTML, like Gecko) Chrome/56.0.2902.0 Safari/537.36"
[2017-03-01 10:36:04.628] [INFO] log_file - ::1 - - "GET /images/profile-photo.jpg HTTP/1.1" 304 - "http://localhost:7101/manage-users" "Mozilla/5.0 (Windows NT 10.0; WOW64) AppleWebKit/537.36 (KHTML, like Gecko) Chrome/56.0.2902.0 Safari/537.36"
[2017-03-01 10:36:04.629] [INFO] log_file - ::1 - - "GET /lib/moment/moment.js HTTP/1.1" 304 - "http://localhost:7101/manage-users" "Mozilla/5.0 (Windows NT 10.0; WOW64) AppleWebKit/537.36 (KHTML, like Gecko) Chrome/56.0.2902.0 Safari/537.36"
[2017-03-01 10:36:04.631] [INFO] log_file - ::1 - - "GET /webapp.js HTTP/1.1" 304 - "http://localhost:7101/manage-users" "Mozilla/5.0 (Windows NT 10.0; WOW64) AppleWebKit/537.36 (KHTML, like Gecko) Chrome/56.0.2902.0 Safari/537.36"
[2017-03-01 10:36:04.633] [INFO] log_file - ::1 - - "GET /services/user.client.service.js HTTP/1.1" 304 - "http://localhost:7101/manage-users" "Mozilla/5.0 (Windows NT 10.0; WOW64) AppleWebKit/537.36 (KHTML, like Gecko) Chrome/56.0.2902.0 Safari/537.36"
[2017-03-01 10:36:04.636] [INFO] log_file - ::1 - - "GET /controllers/user.client.controller.js HTTP/1.1" 304 - "http://localhost:7101/manage-users" "Mozilla/5.0 (Windows NT 10.0; WOW64) AppleWebKit/537.36 (KHTML, like Gecko) Chrome/56.0.2902.0 Safari/537.36"
[2017-03-01 10:36:04.741] [INFO] log_file - ::1 - - "GET /data/user HTTP/1.1" 304 - "http://localhost:7101/manage-users" "Mozilla/5.0 (Windows NT 10.0; WOW64) AppleWebKit/537.36 (KHTML, like Gecko) Chrome/56.0.2902.0 Safari/537.36"
[2017-03-01 10:36:04.746] [INFO] log_file - ::1 - - "GET /currentUser HTTP/1.1" 304 - "http://localhost:7101/manage-users" "Mozilla/5.0 (Windows NT 10.0; WOW64) AppleWebKit/537.36 (KHTML, like Gecko) Chrome/56.0.2902.0 Safari/537.36"
[2017-03-01 10:36:05.769] [INFO] log_file - ::1 - - "GET /logout HTTP/1.1" 302 46 "http://localhost:7101/manage-users" "Mozilla/5.0 (Windows NT 10.0; WOW64) AppleWebKit/537.36 (KHTML, like Gecko) Chrome/56.0.2902.0 Safari/537.36"
[2017-03-01 10:36:05.779] [INFO] log_file - ::1 - - "GET / HTTP/1.1" 302 56 "http://localhost:7101/manage-users" "Mozilla/5.0 (Windows NT 10.0; WOW64) AppleWebKit/537.36 (KHTML, like Gecko) Chrome/56.0.2902.0 Safari/537.36"
[2017-03-01 10:36:05.789] [INFO] log_file - ::1 - - "GET /login HTTP/1.1" 304 - "http://localhost:7101/manage-users" "Mozilla/5.0 (Windows NT 10.0; WOW64) AppleWebKit/537.36 (KHTML, like Gecko) Chrome/56.0.2902.0 Safari/537.36"
[2017-03-01 10:36:05.815] [INFO] log_file - ::1 - - "GET /css/style.css HTTP/1.1" 304 - "http://localhost:7101/login" "Mozilla/5.0 (Windows NT 10.0; WOW64) AppleWebKit/537.36 (KHTML, like Gecko) Chrome/56.0.2902.0 Safari/537.36"
[2017-03-01 10:36:05.968] [INFO] log_file - ::1 - - "GET /iamges/background.png HTTP/1.1" 404 183 "http://localhost:7101/css/style.css" "Mozilla/5.0 (Windows NT 10.0; WOW64) AppleWebKit/537.36 (KHTML, like Gecko) Chrome/56.0.2902.0 Safari/537.36"
[2017-03-01 10:36:22.962] [INFO] log_file - ::1 - - "GET /login HTTP/1.1" 304 - "http://localhost:7101/manage-users" "Mozilla/5.0 (Windows NT 10.0; WOW64) AppleWebKit/537.36 (KHTML, like Gecko) Chrome/56.0.2902.0 Safari/537.36"
[2017-03-01 10:36:23.012] [INFO] log_file - ::1 - - "GET /css/style.css HTTP/1.1" 304 - "http://localhost:7101/login" "Mozilla/5.0 (Windows NT 10.0; WOW64) AppleWebKit/537.36 (KHTML, like Gecko) Chrome/56.0.2902.0 Safari/537.36"
[2017-03-01 10:36:24.322] [INFO] log_file - ::1 - - "GET /login HTTP/1.1" 304 - "http://localhost:7101/manage-users" "Mozilla/5.0 (Windows NT 10.0; WOW64) AppleWebKit/537.36 (KHTML, like Gecko) Chrome/56.0.2902.0 Safari/537.36"
[2017-03-01 10:36:24.358] [INFO] log_file - ::1 - - "GET /css/style.css HTTP/1.1" 304 - "http://localhost:7101/login" "Mozilla/5.0 (Windows NT 10.0; WOW64) AppleWebKit/537.36 (KHTML, like Gecko) Chrome/56.0.2902.0 Safari/537.36"
[2017-03-01 10:36:24.944] [INFO] log_file - ::1 - - "GET /login HTTP/1.1" 304 - "http://localhost:7101/manage-users" "Mozilla/5.0 (Windows NT 10.0; WOW64) AppleWebKit/537.36 (KHTML, like Gecko) Chrome/56.0.2902.0 Safari/537.36"
[2017-03-01 10:36:24.970] [INFO] log_file - ::1 - - "GET /css/style.css HTTP/1.1" 304 - "http://localhost:7101/login" "Mozilla/5.0 (Windows NT 10.0; WOW64) AppleWebKit/537.36 (KHTML, like Gecko) Chrome/56.0.2902.0 Safari/537.36"
[2017-03-01 10:37:19.734] [INFO] log_file - ::1 - - "GET /manage-users HTTP/1.1" 302 56 "http://localhost:7101/login" "Mozilla/5.0 (Windows NT 10.0; WOW64) AppleWebKit/537.36 (KHTML, like Gecko) Chrome/56.0.2902.0 Safari/537.36"
[2017-03-01 10:37:19.746] [INFO] log_file - ::1 - - "GET /login HTTP/1.1" 304 - "http://localhost:7101/login" "Mozilla/5.0 (Windows NT 10.0; WOW64) AppleWebKit/537.36 (KHTML, like Gecko) Chrome/56.0.2902.0 Safari/537.36"
[2017-03-01 10:37:19.766] [INFO] log_file - ::1 - - "GET /css/style.css HTTP/1.1" 304 - "http://localhost:7101/login" "Mozilla/5.0 (Windows NT 10.0; WOW64) AppleWebKit/537.36 (KHTML, like Gecko) Chrome/56.0.2902.0 Safari/537.36"
[2017-03-01 10:37:20.158] [INFO] log_file - ::1 - - "GET /iamges/background.png HTTP/1.1" 404 183 "http://localhost:7101/css/style.css" "Mozilla/5.0 (Windows NT 10.0; WOW64) AppleWebKit/537.36 (KHTML, like Gecko) Chrome/56.0.2902.0 Safari/537.36"
[2017-03-01 10:37:25.772] [INFO] log_file - ::1 - - "GET /manage-users HTTP/1.1" 302 56 "http://localhost:7101/dizaster" "Mozilla/5.0 (Windows NT 10.0; WOW64) AppleWebKit/537.36 (KHTML, like Gecko) Chrome/56.0.2902.0 Safari/537.36"
[2017-03-01 10:37:25.785] [INFO] log_file - ::1 - - "GET /login HTTP/1.1" 304 - "http://localhost:7101/dizaster" "Mozilla/5.0 (Windows NT 10.0; WOW64) AppleWebKit/537.36 (KHTML, like Gecko) Chrome/56.0.2902.0 Safari/537.36"
[2017-03-01 10:37:25.808] [INFO] log_file - ::1 - - "GET /css/style.css HTTP/1.1" 304 - "http://localhost:7101/login" "Mozilla/5.0 (Windows NT 10.0; WOW64) AppleWebKit/537.36 (KHTML, like Gecko) Chrome/56.0.2902.0 Safari/537.36"
[2017-03-01 10:37:26.014] [INFO] log_file - ::1 - - "GET /iamges/background.png HTTP/1.1" 404 183 "http://localhost:7101/css/style.css" "Mozilla/5.0 (Windows NT 10.0; WOW64) AppleWebKit/537.36 (KHTML, like Gecko) Chrome/56.0.2902.0 Safari/537.36"
[2017-03-01 10:37:57.590] [INFO] log_file - ::1 - - "GET /login HTTP/1.1" 304 - "http://localhost:7101/dizaster" "Mozilla/5.0 (Windows NT 10.0; WOW64) AppleWebKit/537.36 (KHTML, like Gecko) Chrome/56.0.2902.0 Safari/537.36"
[2017-03-01 10:37:57.625] [INFO] log_file - ::1 - - "GET /css/style.css HTTP/1.1" 304 - "http://localhost:7101/login" "Mozilla/5.0 (Windows NT 10.0; WOW64) AppleWebKit/537.36 (KHTML, like Gecko) Chrome/56.0.2902.0 Safari/537.36"
[2017-03-01 10:37:58.077] [INFO] log_file - ::1 - - "GET /iamges/background.png HTTP/1.1" 404 183 "http://localhost:7101/css/style.css" "Mozilla/5.0 (Windows NT 10.0; WOW64) AppleWebKit/537.36 (KHTML, like Gecko) Chrome/56.0.2902.0 Safari/537.36"
[2017-03-01 10:37:58.092] [INFO] log_file - ::1 - - "GET /login HTTP/1.1" 200 923 "http://localhost:7101/dizaster" "Mozilla/5.0 (Windows NT 10.0; WOW64) AppleWebKit/537.36 (KHTML, like Gecko) Chrome/56.0.2902.0 Safari/537.36"
[2017-03-01 10:37:58.312] [INFO] log_file - ::1 - - "GET /login HTTP/1.1" 304 - "http://localhost:7101/dizaster" "Mozilla/5.0 (Windows NT 10.0; WOW64) AppleWebKit/537.36 (KHTML, like Gecko) Chrome/56.0.2902.0 Safari/537.36"
[2017-03-01 10:37:58.334] [INFO] log_file - ::1 - - "GET /css/style.css HTTP/1.1" 304 - "http://localhost:7101/login" "Mozilla/5.0 (Windows NT 10.0; WOW64) AppleWebKit/537.36 (KHTML, like Gecko) Chrome/56.0.2902.0 Safari/537.36"
[2017-03-01 10:37:58.511] [INFO] log_file - ::1 - - "GET /iamges/background.png HTTP/1.1" 404 183 "http://localhost:7101/css/style.css" "Mozilla/5.0 (Windows NT 10.0; WOW64) AppleWebKit/537.36 (KHTML, like Gecko) Chrome/56.0.2902.0 Safari/537.36"
[2017-03-01 10:38:02.396] [INFO] log_file - ::1 - - "GET /manage-users HTTP/1.1" 302 56 "http://localhost:7101/dizaster" "Mozilla/5.0 (Windows NT 10.0; WOW64) AppleWebKit/537.36 (KHTML, like Gecko) Chrome/56.0.2902.0 Safari/537.36"
[2017-03-01 10:38:02.401] [INFO] log_file - ::1 - - "GET /login HTTP/1.1" 304 - "http://localhost:7101/dizaster" "Mozilla/5.0 (Windows NT 10.0; WOW64) AppleWebKit/537.36 (KHTML, like Gecko) Chrome/56.0.2902.0 Safari/537.36"
[2017-03-01 10:38:02.428] [INFO] log_file - ::1 - - "GET /css/style.css HTTP/1.1" 304 - "http://localhost:7101/login" "Mozilla/5.0 (Windows NT 10.0; WOW64) AppleWebKit/537.36 (KHTML, like Gecko) Chrome/56.0.2902.0 Safari/537.36"
[2017-03-01 10:38:02.589] [INFO] log_file - ::1 - - "GET /iamges/background.png HTTP/1.1" 404 183 "http://localhost:7101/css/style.css" "Mozilla/5.0 (Windows NT 10.0; WOW64) AppleWebKit/537.36 (KHTML, like Gecko) Chrome/56.0.2902.0 Safari/537.36"
[2017-03-01 10:38:04.159] [INFO] log_file - ::1 - - "GET /doLogin?name=admin&password=admin HTTP/1.1" 302 46 "http://localhost:7101/login" "Mozilla/5.0 (Windows NT 10.0; WOW64) AppleWebKit/537.36 (KHTML, like Gecko) Chrome/56.0.2902.0 Safari/537.36"
[2017-03-01 10:38:04.166] [INFO] log_file - ::1 - - "GET / HTTP/1.1" 302 70 "http://localhost:7101/login" "Mozilla/5.0 (Windows NT 10.0; WOW64) AppleWebKit/537.36 (KHTML, like Gecko) Chrome/56.0.2902.0 Safari/537.36"
[2017-03-01 10:38:04.175] [INFO] log_file - ::1 - - "GET /manage-users HTTP/1.1" 200 19205 "http://localhost:7101/login" "Mozilla/5.0 (Windows NT 10.0; WOW64) AppleWebKit/537.36 (KHTML, like Gecko) Chrome/56.0.2902.0 Safari/537.36"
[2017-03-01 10:38:04.214] [INFO] log_file - ::1 - - "GET /lib/bootstrap/dist/css/bootstrap.css HTTP/1.1" 304 - "http://localhost:7101/manage-users" "Mozilla/5.0 (Windows NT 10.0; WOW64) AppleWebKit/537.36 (KHTML, like Gecko) Chrome/56.0.2902.0 Safari/537.36"
[2017-03-01 10:38:04.215] [INFO] log_file - ::1 - - "GET /lib/bootstrap-fileinput/css/fileinput.min.css HTTP/1.1" 304 - "http://localhost:7101/manage-users" "Mozilla/5.0 (Windows NT 10.0; WOW64) AppleWebKit/537.36 (KHTML, like Gecko) Chrome/56.0.2902.0 Safari/537.36"
[2017-03-01 10:38:04.216] [INFO] log_file - ::1 - - "GET /css/templatemo-style.css HTTP/1.1" 304 - "http://localhost:7101/manage-users" "Mozilla/5.0 (Windows NT 10.0; WOW64) AppleWebKit/537.36 (KHTML, like Gecko) Chrome/56.0.2902.0 Safari/537.36"
[2017-03-01 10:38:04.217] [INFO] log_file - ::1 - - "GET /css/font-awesome.min.css HTTP/1.1" 304 - "http://localhost:7101/manage-users" "Mozilla/5.0 (Windows NT 10.0; WOW64) AppleWebKit/537.36 (KHTML, like Gecko) Chrome/56.0.2902.0 Safari/537.36"
[2017-03-01 10:38:04.316] [INFO] log_file - ::1 - - "GET /lib/jquery/dist/jquery.js HTTP/1.1" 304 - "http://localhost:7101/manage-users" "Mozilla/5.0 (Windows NT 10.0; WOW64) AppleWebKit/537.36 (KHTML, like Gecko) Chrome/56.0.2902.0 Safari/537.36"
[2017-03-01 10:38:04.321] [INFO] log_file - ::1 - - "GET /js/templatemo-script.js HTTP/1.1" 304 - "http://localhost:7101/manage-users" "Mozilla/5.0 (Windows NT 10.0; WOW64) AppleWebKit/537.36 (KHTML, like Gecko) Chrome/56.0.2902.0 Safari/537.36"
[2017-03-01 10:38:04.327] [INFO] log_file - ::1 - - "GET /lib/angular/angular.js HTTP/1.1" 304 - "http://localhost:7101/manage-users" "Mozilla/5.0 (Windows NT 10.0; WOW64) AppleWebKit/537.36 (KHTML, like Gecko) Chrome/56.0.2902.0 Safari/537.36"
[2017-03-01 10:38:04.336] [INFO] log_file - ::1 - - "GET /lib/bootstrap/dist/js/bootstrap.js HTTP/1.1" 304 - "http://localhost:7101/manage-users" "Mozilla/5.0 (Windows NT 10.0; WOW64) AppleWebKit/537.36 (KHTML, like Gecko) Chrome/56.0.2902.0 Safari/537.36"
[2017-03-01 10:38:04.343] [INFO] log_file - ::1 - - "GET /lib/bootstrap-fileinput/js/fileinput.min.js HTTP/1.1" 304 - "http://localhost:7101/manage-users" "Mozilla/5.0 (Windows NT 10.0; WOW64) AppleWebKit/537.36 (KHTML, like Gecko) Chrome/56.0.2902.0 Safari/537.36"
[2017-03-01 10:38:04.350] [INFO] log_file - ::1 - - "GET /lib/bootstrap-fileinput/js/fileinput_locale_zh.js HTTP/1.1" 304 - "http://localhost:7101/manage-users" "Mozilla/5.0 (Windows NT 10.0; WOW64) AppleWebKit/537.36 (KHTML, like Gecko) Chrome/56.0.2902.0 Safari/537.36"
[2017-03-01 10:38:04.355] [INFO] log_file - ::1 - - "GET /webapp.js HTTP/1.1" 304 - "http://localhost:7101/manage-users" "Mozilla/5.0 (Windows NT 10.0; WOW64) AppleWebKit/537.36 (KHTML, like Gecko) Chrome/56.0.2902.0 Safari/537.36"
[2017-03-01 10:38:04.360] [INFO] log_file - ::1 - - "GET /services/user.client.service.js HTTP/1.1" 304 - "http://localhost:7101/manage-users" "Mozilla/5.0 (Windows NT 10.0; WOW64) AppleWebKit/537.36 (KHTML, like Gecko) Chrome/56.0.2902.0 Safari/537.36"
[2017-03-01 10:38:04.370] [INFO] log_file - ::1 - - "GET /controllers/user.client.controller.js HTTP/1.1" 304 - "http://localhost:7101/manage-users" "Mozilla/5.0 (Windows NT 10.0; WOW64) AppleWebKit/537.36 (KHTML, like Gecko) Chrome/56.0.2902.0 Safari/537.36"
[2017-03-01 10:38:04.376] [INFO] log_file - ::1 - - "GET /lib/moment/moment.js HTTP/1.1" 304 - "http://localhost:7101/manage-users" "Mozilla/5.0 (Windows NT 10.0; WOW64) AppleWebKit/537.36 (KHTML, like Gecko) Chrome/56.0.2902.0 Safari/537.36"
[2017-03-01 10:38:04.383] [INFO] log_file - ::1 - - "GET /images/profile-photo.jpg HTTP/1.1" 304 - "http://localhost:7101/manage-users" "Mozilla/5.0 (Windows NT 10.0; WOW64) AppleWebKit/537.36 (KHTML, like Gecko) Chrome/56.0.2902.0 Safari/537.36"
[2017-03-01 10:38:04.471] [INFO] log_file - ::1 - - "GET /fonts/fontawesome-webfont.woff2?v=4.3.0 HTTP/1.1" 304 - "http://localhost:7101/css/font-awesome.min.css" "Mozilla/5.0 (Windows NT 10.0; WOW64) AppleWebKit/537.36 (KHTML, like Gecko) Chrome/56.0.2902.0 Safari/537.36"
[2017-03-01 10:38:04.523] [INFO] log_file - ::1 - - "GET /data/user HTTP/1.1" 304 - "http://localhost:7101/manage-users" "Mozilla/5.0 (Windows NT 10.0; WOW64) AppleWebKit/537.36 (KHTML, like Gecko) Chrome/56.0.2902.0 Safari/537.36"
[2017-03-01 10:38:04.532] [INFO] log_file - ::1 - - "GET /currentUser HTTP/1.1" 200 269 "http://localhost:7101/manage-users" "Mozilla/5.0 (Windows NT 10.0; WOW64) AppleWebKit/537.36 (KHTML, like Gecko) Chrome/56.0.2902.0 Safari/537.36"
[2017-03-01 10:38:10.941] [INFO] log_file - ::1 - - "GET /lib/bootstrap/dist/fonts/glyphicons-halflings-regular.woff2 HTTP/1.1" 304 - "http://localhost:7101/lib/bootstrap/dist/css/bootstrap.min.css" "Mozilla/5.0 (Windows NT 10.0; WOW64) AppleWebKit/537.36 (KHTML, like Gecko) Chrome/56.0.2902.0 Safari/537.36"
[2017-03-01 10:38:29.005] [INFO] log_file - ::1 - - "GET /logout HTTP/1.1" 302 46 "http://localhost:7101/manage-users" "Mozilla/5.0 (Windows NT 10.0; WOW64) AppleWebKit/537.36 (KHTML, like Gecko) Chrome/56.0.2902.0 Safari/537.36"
[2017-03-01 10:38:29.015] [INFO] log_file - ::1 - - "GET / HTTP/1.1" 302 56 "http://localhost:7101/manage-users" "Mozilla/5.0 (Windows NT 10.0; WOW64) AppleWebKit/537.36 (KHTML, like Gecko) Chrome/56.0.2902.0 Safari/537.36"
[2017-03-01 10:38:29.020] [INFO] log_file - ::1 - - "GET /login HTTP/1.1" 304 - "http://localhost:7101/manage-users" "Mozilla/5.0 (Windows NT 10.0; WOW64) AppleWebKit/537.36 (KHTML, like Gecko) Chrome/56.0.2902.0 Safari/537.36"
[2017-03-01 10:38:29.039] [INFO] log_file - ::1 - - "GET /css/style.css HTTP/1.1" 304 - "http://localhost:7101/login" "Mozilla/5.0 (Windows NT 10.0; WOW64) AppleWebKit/537.36 (KHTML, like Gecko) Chrome/56.0.2902.0 Safari/537.36"
[2017-03-01 10:38:29.194] [INFO] log_file - ::1 - - "GET /iamges/background.png HTTP/1.1" 404 183 "http://localhost:7101/css/style.css" "Mozilla/5.0 (Windows NT 10.0; WOW64) AppleWebKit/537.36 (KHTML, like Gecko) Chrome/56.0.2902.0 Safari/537.36"
[2017-03-01 10:38:31.482] [INFO] log_file - ::1 - - "GET /signup HTTP/1.1" 304 - "http://localhost:7101/login" "Mozilla/5.0 (Windows NT 10.0; WOW64) AppleWebKit/537.36 (KHTML, like Gecko) Chrome/56.0.2902.0 Safari/537.36"
[2017-03-01 10:38:31.506] [INFO] log_file - ::1 - - "GET /lib/bootstrap/dist/css/bootstrap.min.css HTTP/1.1" 304 - "http://localhost:7101/signup" "Mozilla/5.0 (Windows NT 10.0; WOW64) AppleWebKit/537.36 (KHTML, like Gecko) Chrome/56.0.2902.0 Safari/537.36"
[2017-03-01 10:38:31.525] [INFO] log_file - ::1 - - "GET /lib/bootstrap-fileinput/css/fileinput.min.css HTTP/1.1" 304 - "http://localhost:7101/signup" "Mozilla/5.0 (Windows NT 10.0; WOW64) AppleWebKit/537.36 (KHTML, like Gecko) Chrome/56.0.2902.0 Safari/537.36"
[2017-03-01 10:38:31.526] [INFO] log_file - ::1 - - "GET /lib/jquery/dist/jquery.js HTTP/1.1" 304 - "http://localhost:7101/signup" "Mozilla/5.0 (Windows NT 10.0; WOW64) AppleWebKit/537.36 (KHTML, like Gecko) Chrome/56.0.2902.0 Safari/537.36"
[2017-03-01 10:38:31.528] [INFO] log_file - ::1 - - "GET /lib/angular/angular.js HTTP/1.1" 304 - "http://localhost:7101/signup" "Mozilla/5.0 (Windows NT 10.0; WOW64) AppleWebKit/537.36 (KHTML, like Gecko) Chrome/56.0.2902.0 Safari/537.36"
[2017-03-01 10:38:31.528] [INFO] log_file - ::1 - - "GET /lib/bootstrap/dist/js/bootstrap.js HTTP/1.1" 304 - "http://localhost:7101/signup" "Mozilla/5.0 (Windows NT 10.0; WOW64) AppleWebKit/537.36 (KHTML, like Gecko) Chrome/56.0.2902.0 Safari/537.36"
[2017-03-01 10:38:31.529] [INFO] log_file - ::1 - - "GET /lib/bootstrap-fileinput/js/fileinput.min.js HTTP/1.1" 304 - "http://localhost:7101/signup" "Mozilla/5.0 (Windows NT 10.0; WOW64) AppleWebKit/537.36 (KHTML, like Gecko) Chrome/56.0.2902.0 Safari/537.36"
[2017-03-01 10:38:31.530] [INFO] log_file - ::1 - - "GET /lib/bootstrap-fileinput/js/fileinput_locale_zh.js HTTP/1.1" 304 - "http://localhost:7101/signup" "Mozilla/5.0 (Windows NT 10.0; WOW64) AppleWebKit/537.36 (KHTML, like Gecko) Chrome/56.0.2902.0 Safari/537.36"
[2017-03-01 10:38:31.639] [INFO] log_file - ::1 - - "GET /webapp.js HTTP/1.1" 304 - "http://localhost:7101/signup" "Mozilla/5.0 (Windows NT 10.0; WOW64) AppleWebKit/537.36 (KHTML, like Gecko) Chrome/56.0.2902.0 Safari/537.36"
[2017-03-01 10:38:31.640] [INFO] log_file - ::1 - - "GET /services/signup.client.service.js HTTP/1.1" 304 - "http://localhost:7101/signup" "Mozilla/5.0 (Windows NT 10.0; WOW64) AppleWebKit/537.36 (KHTML, like Gecko) Chrome/56.0.2902.0 Safari/537.36"
[2017-03-01 10:38:31.641] [INFO] log_file - ::1 - - "GET /controllers/signup.client.controller.js HTTP/1.1" 304 - "http://localhost:7101/signup" "Mozilla/5.0 (Windows NT 10.0; WOW64) AppleWebKit/537.36 (KHTML, like Gecko) Chrome/56.0.2902.0 Safari/537.36"
[2017-03-01 10:38:31.816] [INFO] log_file - ::1 - - "GET /iamges/background.png HTTP/1.1" 404 183 "http://localhost:7101/signup" "Mozilla/5.0 (Windows NT 10.0; WOW64) AppleWebKit/537.36 (KHTML, like Gecko) Chrome/56.0.2902.0 Safari/537.36"
[2017-03-01 10:38:31.818] [INFO] log_file - ::1 - - "GET /lib/bootstrap/dist/fonts/glyphicons-halflings-regular.woff2 HTTP/1.1" 304 - "http://localhost:7101/lib/bootstrap/dist/css/bootstrap.min.css" "Mozilla/5.0 (Windows NT 10.0; WOW64) AppleWebKit/537.36 (KHTML, like Gecko) Chrome/56.0.2902.0 Safari/537.36"
[2017-03-01 10:40:08.155] [INFO] log_file - ::1 - - "GET /dizaster HTTP/1.1" 302 56 "http://localhost:7101/manage-users" "Mozilla/5.0 (Windows NT 10.0; WOW64) AppleWebKit/537.36 (KHTML, like Gecko) Chrome/56.0.2902.0 Safari/537.36"
[2017-03-01 10:40:08.169] [INFO] log_file - ::1 - - "GET /login HTTP/1.1" 304 - "http://localhost:7101/manage-users" "Mozilla/5.0 (Windows NT 10.0; WOW64) AppleWebKit/537.36 (KHTML, like Gecko) Chrome/56.0.2902.0 Safari/537.36"
[2017-03-01 10:40:08.194] [INFO] log_file - ::1 - - "GET /css/style.css HTTP/1.1" 304 - "http://localhost:7101/login" "Mozilla/5.0 (Windows NT 10.0; WOW64) AppleWebKit/537.36 (KHTML, like Gecko) Chrome/56.0.2902.0 Safari/537.36"
[2017-03-01 10:40:08.395] [INFO] log_file - ::1 - - "GET /iamges/background.png HTTP/1.1" 404 183 "http://localhost:7101/css/style.css" "Mozilla/5.0 (Windows NT 10.0; WOW64) AppleWebKit/537.36 (KHTML, like Gecko) Chrome/56.0.2902.0 Safari/537.36"
[2017-03-01 10:40:11.971] [INFO] log_file - ::1 - - "GET / HTTP/1.1" 302 56 "" "Mozilla/5.0 (Windows NT 10.0; WOW64) AppleWebKit/537.36 (KHTML, like Gecko) Chrome/56.0.2902.0 Safari/537.36"
[2017-03-01 10:40:11.979] [INFO] log_file - ::1 - - "GET /login HTTP/1.1" 304 - "" "Mozilla/5.0 (Windows NT 10.0; WOW64) AppleWebKit/537.36 (KHTML, like Gecko) Chrome/56.0.2902.0 Safari/537.36"
[2017-03-01 10:40:12.000] [INFO] log_file - ::1 - - "GET /css/style.css HTTP/1.1" 304 - "http://localhost:7101/login" "Mozilla/5.0 (Windows NT 10.0; WOW64) AppleWebKit/537.36 (KHTML, like Gecko) Chrome/56.0.2902.0 Safari/537.36"
[2017-03-01 10:40:12.168] [INFO] log_file - ::1 - - "GET /iamges/background.png HTTP/1.1" 404 183 "http://localhost:7101/css/style.css" "Mozilla/5.0 (Windows NT 10.0; WOW64) AppleWebKit/537.36 (KHTML, like Gecko) Chrome/56.0.2902.0 Safari/537.36"
[2017-03-01 11:01:08.786] [INFO] log_file - ::1 - - "GET /doLogin?name=admin&password=admin HTTP/1.1" 302 46 "http://localhost:7101/login" "Mozilla/5.0 (Windows NT 10.0; WOW64) AppleWebKit/537.36 (KHTML, like Gecko) Chrome/56.0.2902.0 Safari/537.36"
[2017-03-01 11:01:08.799] [INFO] log_file - ::1 - - "GET / HTTP/1.1" 302 70 "http://localhost:7101/login" "Mozilla/5.0 (Windows NT 10.0; WOW64) AppleWebKit/537.36 (KHTML, like Gecko) Chrome/56.0.2902.0 Safari/537.36"
[2017-03-01 11:01:08.810] [INFO] log_file - ::1 - - "GET /manage-users HTTP/1.1" 304 - "http://localhost:7101/login" "Mozilla/5.0 (Windows NT 10.0; WOW64) AppleWebKit/537.36 (KHTML, like Gecko) Chrome/56.0.2902.0 Safari/537.36"
[2017-03-01 11:01:08.864] [INFO] log_file - ::1 - - "GET /lib/bootstrap/dist/css/bootstrap.css HTTP/1.1" 304 - "http://localhost:7101/manage-users" "Mozilla/5.0 (Windows NT 10.0; WOW64) AppleWebKit/537.36 (KHTML, like Gecko) Chrome/56.0.2902.0 Safari/537.36"
[2017-03-01 11:01:08.865] [INFO] log_file - ::1 - - "GET /lib/bootstrap-fileinput/css/fileinput.min.css HTTP/1.1" 304 - "http://localhost:7101/manage-users" "Mozilla/5.0 (Windows NT 10.0; WOW64) AppleWebKit/537.36 (KHTML, like Gecko) Chrome/56.0.2902.0 Safari/537.36"
[2017-03-01 11:01:08.866] [INFO] log_file - ::1 - - "GET /css/font-awesome.min.css HTTP/1.1" 304 - "http://localhost:7101/manage-users" "Mozilla/5.0 (Windows NT 10.0; WOW64) AppleWebKit/537.36 (KHTML, like Gecko) Chrome/56.0.2902.0 Safari/537.36"
[2017-03-01 11:01:08.867] [INFO] log_file - ::1 - - "GET /css/templatemo-style.css HTTP/1.1" 304 - "http://localhost:7101/manage-users" "Mozilla/5.0 (Windows NT 10.0; WOW64) AppleWebKit/537.36 (KHTML, like Gecko) Chrome/56.0.2902.0 Safari/537.36"
[2017-03-01 11:01:08.876] [INFO] log_file - ::1 - - "GET /lib/jquery/dist/jquery.js HTTP/1.1" 304 - "http://localhost:7101/manage-users" "Mozilla/5.0 (Windows NT 10.0; WOW64) AppleWebKit/537.36 (KHTML, like Gecko) Chrome/56.0.2902.0 Safari/537.36"
[2017-03-01 11:01:08.883] [INFO] log_file - ::1 - - "GET /js/templatemo-script.js HTTP/1.1" 304 - "http://localhost:7101/manage-users" "Mozilla/5.0 (Windows NT 10.0; WOW64) AppleWebKit/537.36 (KHTML, like Gecko) Chrome/56.0.2902.0 Safari/537.36"
[2017-03-01 11:01:08.891] [INFO] log_file - ::1 - - "GET /lib/angular/angular.js HTTP/1.1" 304 - "http://localhost:7101/manage-users" "Mozilla/5.0 (Windows NT 10.0; WOW64) AppleWebKit/537.36 (KHTML, like Gecko) Chrome/56.0.2902.0 Safari/537.36"
[2017-03-01 11:01:09.240] [INFO] log_file - ::1 - - "GET /lib/bootstrap/dist/js/bootstrap.js HTTP/1.1" 304 - "http://localhost:7101/manage-users" "Mozilla/5.0 (Windows NT 10.0; WOW64) AppleWebKit/537.36 (KHTML, like Gecko) Chrome/56.0.2902.0 Safari/537.36"
[2017-03-01 11:01:09.242] [INFO] log_file - ::1 - - "GET /lib/bootstrap-fileinput/js/fileinput.min.js HTTP/1.1" 304 - "http://localhost:7101/manage-users" "Mozilla/5.0 (Windows NT 10.0; WOW64) AppleWebKit/537.36 (KHTML, like Gecko) Chrome/56.0.2902.0 Safari/537.36"
[2017-03-01 11:01:09.243] [INFO] log_file - ::1 - - "GET /lib/bootstrap-fileinput/js/fileinput_locale_zh.js HTTP/1.1" 304 - "http://localhost:7101/manage-users" "Mozilla/5.0 (Windows NT 10.0; WOW64) AppleWebKit/537.36 (KHTML, like Gecko) Chrome/56.0.2902.0 Safari/537.36"
[2017-03-01 11:01:09.245] [INFO] log_file - ::1 - - "GET /webapp.js HTTP/1.1" 304 - "http://localhost:7101/manage-users" "Mozilla/5.0 (Windows NT 10.0; WOW64) AppleWebKit/537.36 (KHTML, like Gecko) Chrome/56.0.2902.0 Safari/537.36"
[2017-03-01 11:01:09.245] [INFO] log_file - ::1 - - "GET /services/user.client.service.js HTTP/1.1" 304 - "http://localhost:7101/manage-users" "Mozilla/5.0 (Windows NT 10.0; WOW64) AppleWebKit/537.36 (KHTML, like Gecko) Chrome/56.0.2902.0 Safari/537.36"
[2017-03-01 11:01:09.260] [INFO] log_file - ::1 - - "GET /controllers/user.client.controller.js HTTP/1.1" 304 - "http://localhost:7101/manage-users" "Mozilla/5.0 (Windows NT 10.0; WOW64) AppleWebKit/537.36 (KHTML, like Gecko) Chrome/56.0.2902.0 Safari/537.36"
[2017-03-01 11:01:09.261] [INFO] log_file - ::1 - - "GET /lib/moment/moment.js HTTP/1.1" 304 - "http://localhost:7101/manage-users" "Mozilla/5.0 (Windows NT 10.0; WOW64) AppleWebKit/537.36 (KHTML, like Gecko) Chrome/56.0.2902.0 Safari/537.36"
[2017-03-01 11:01:09.262] [INFO] log_file - ::1 - - "GET /images/profile-photo.jpg HTTP/1.1" 304 - "http://localhost:7101/manage-users" "Mozilla/5.0 (Windows NT 10.0; WOW64) AppleWebKit/537.36 (KHTML, like Gecko) Chrome/56.0.2902.0 Safari/537.36"
[2017-03-01 11:01:09.324] [INFO] log_file - ::1 - - "GET /fonts/fontawesome-webfont.woff2?v=4.3.0 HTTP/1.1" 304 - "http://localhost:7101/css/font-awesome.min.css" "Mozilla/5.0 (Windows NT 10.0; WOW64) AppleWebKit/537.36 (KHTML, like Gecko) Chrome/56.0.2902.0 Safari/537.36"
[2017-03-01 11:01:09.640] [INFO] log_file - ::1 - - "GET /data/user HTTP/1.1" 304 - "http://localhost:7101/manage-users" "Mozilla/5.0 (Windows NT 10.0; WOW64) AppleWebKit/537.36 (KHTML, like Gecko) Chrome/56.0.2902.0 Safari/537.36"
[2017-03-01 11:01:09.654] [INFO] log_file - ::1 - - "GET /currentUser HTTP/1.1" 304 - "http://localhost:7101/manage-users" "Mozilla/5.0 (Windows NT 10.0; WOW64) AppleWebKit/537.36 (KHTML, like Gecko) Chrome/56.0.2902.0 Safari/537.36"
[2017-03-02 21:50:09.344] [INFO] log_file - ::1 - - "GET / HTTP/1.1" 302 56 "" "Mozilla/5.0 (Windows NT 10.0; WOW64) AppleWebKit/537.36 (KHTML, like Gecko) Chrome/56.0.2902.0 Safari/537.36"
[2017-03-02 21:50:09.709] [INFO] log_file - ::1 - - "GET /login HTTP/1.1" 304 - "" "Mozilla/5.0 (Windows NT 10.0; WOW64) AppleWebKit/537.36 (KHTML, like Gecko) Chrome/56.0.2902.0 Safari/537.36"
[2017-03-02 21:50:09.730] [INFO] log_file - ::1 - - "GET /css/style.css HTTP/1.1" 304 - "http://localhost:7101/login" "Mozilla/5.0 (Windows NT 10.0; WOW64) AppleWebKit/537.36 (KHTML, like Gecko) Chrome/56.0.2902.0 Safari/537.36"
[2017-03-02 21:50:10.267] [INFO] log_file - ::1 - - "GET /iamges/background.png HTTP/1.1" 404 183 "http://localhost:7101/css/style.css" "Mozilla/5.0 (Windows NT 10.0; WOW64) AppleWebKit/537.36 (KHTML, like Gecko) Chrome/56.0.2902.0 Safari/537.36"
[2017-03-02 21:50:10.536] [INFO] log_file - ::1 - - "GET /favicon.ico HTTP/1.1" 404 183 "http://localhost:7101/login" "Mozilla/5.0 (Windows NT 10.0; WOW64) AppleWebKit/537.36 (KHTML, like Gecko) Chrome/56.0.2902.0 Safari/537.36"
[2017-03-02 21:50:42.556] [INFO] log_file - ::1 - - "GET /doLogin?name=admin&password=admin HTTP/1.1" 302 46 "http://localhost:7101/login" "Mozilla/5.0 (Windows NT 10.0; WOW64) AppleWebKit/537.36 (KHTML, like Gecko) Chrome/56.0.2902.0 Safari/537.36"
[2017-03-02 21:50:42.629] [INFO] log_file - ::1 - - "GET / HTTP/1.1" 302 70 "http://localhost:7101/login" "Mozilla/5.0 (Windows NT 10.0; WOW64) AppleWebKit/537.36 (KHTML, like Gecko) Chrome/56.0.2902.0 Safari/537.36"
[2017-03-02 21:50:42.844] [INFO] log_file - ::1 - - "GET /manage-users HTTP/1.1" 304 - "http://localhost:7101/login" "Mozilla/5.0 (Windows NT 10.0; WOW64) AppleWebKit/537.36 (KHTML, like Gecko) Chrome/56.0.2902.0 Safari/537.36"
[2017-03-02 21:50:42.990] [INFO] log_file - ::1 - - "GET /lib/bootstrap/dist/css/bootstrap.css HTTP/1.1" 304 - "http://localhost:7101/manage-users" "Mozilla/5.0 (Windows NT 10.0; WOW64) AppleWebKit/537.36 (KHTML, like Gecko) Chrome/56.0.2902.0 Safari/537.36"
[2017-03-02 21:50:42.992] [INFO] log_file - ::1 - - "GET /css/font-awesome.min.css HTTP/1.1" 304 - "http://localhost:7101/manage-users" "Mozilla/5.0 (Windows NT 10.0; WOW64) AppleWebKit/537.36 (KHTML, like Gecko) Chrome/56.0.2902.0 Safari/537.36"
[2017-03-02 21:50:42.993] [INFO] log_file - ::1 - - "GET /css/templatemo-style.css HTTP/1.1" 304 - "http://localhost:7101/manage-users" "Mozilla/5.0 (Windows NT 10.0; WOW64) AppleWebKit/537.36 (KHTML, like Gecko) Chrome/56.0.2902.0 Safari/537.36"
[2017-03-02 21:50:42.994] [INFO] log_file - ::1 - - "GET /lib/bootstrap-fileinput/css/fileinput.min.css HTTP/1.1" 304 - "http://localhost:7101/manage-users" "Mozilla/5.0 (Windows NT 10.0; WOW64) AppleWebKit/537.36 (KHTML, like Gecko) Chrome/56.0.2902.0 Safari/537.36"
[2017-03-02 21:50:45.099] [INFO] log_file - ::1 - - "GET /lib/jquery/dist/jquery.js HTTP/1.1" 304 - "http://localhost:7101/manage-users" "Mozilla/5.0 (Windows NT 10.0; WOW64) AppleWebKit/537.36 (KHTML, like Gecko) Chrome/56.0.2902.0 Safari/537.36"
[2017-03-02 21:50:45.713] [INFO] log_file - ::1 - - "GET /js/templatemo-script.js HTTP/1.1" 304 - "http://localhost:7101/manage-users" "Mozilla/5.0 (Windows NT 10.0; WOW64) AppleWebKit/537.36 (KHTML, like Gecko) Chrome/56.0.2902.0 Safari/537.36"
[2017-03-02 21:50:45.715] [INFO] log_file - ::1 - - "GET /lib/bootstrap/dist/js/bootstrap.js HTTP/1.1" 304 - "http://localhost:7101/manage-users" "Mozilla/5.0 (Windows NT 10.0; WOW64) AppleWebKit/537.36 (KHTML, like Gecko) Chrome/56.0.2902.0 Safari/537.36"
[2017-03-02 21:50:45.717] [INFO] log_file - ::1 - - "GET /lib/angular/angular.js HTTP/1.1" 304 - "http://localhost:7101/manage-users" "Mozilla/5.0 (Windows NT 10.0; WOW64) AppleWebKit/537.36 (KHTML, like Gecko) Chrome/56.0.2902.0 Safari/537.36"
[2017-03-02 21:50:45.721] [INFO] log_file - ::1 - - "GET /lib/bootstrap-fileinput/js/fileinput_locale_zh.js HTTP/1.1" 304 - "http://localhost:7101/manage-users" "Mozilla/5.0 (Windows NT 10.0; WOW64) AppleWebKit/537.36 (KHTML, like Gecko) Chrome/56.0.2902.0 Safari/537.36"
[2017-03-02 21:50:45.725] [INFO] log_file - ::1 - - "GET /lib/bootstrap-fileinput/js/fileinput.min.js HTTP/1.1" 304 - "http://localhost:7101/manage-users" "Mozilla/5.0 (Windows NT 10.0; WOW64) AppleWebKit/537.36 (KHTML, like Gecko) Chrome/56.0.2902.0 Safari/537.36"
[2017-03-02 21:50:45.754] [INFO] log_file - ::1 - - "GET /fonts/fontawesome-webfont.woff2?v=4.3.0 HTTP/1.1" 304 - "http://localhost:7101/css/font-awesome.min.css" "Mozilla/5.0 (Windows NT 10.0; WOW64) AppleWebKit/537.36 (KHTML, like Gecko) Chrome/56.0.2902.0 Safari/537.36"
[2017-03-02 21:50:45.771] [INFO] log_file - ::1 - - "GET /images/profile-photo.jpg HTTP/1.1" 304 - "http://localhost:7101/manage-users" "Mozilla/5.0 (Windows NT 10.0; WOW64) AppleWebKit/537.36 (KHTML, like Gecko) Chrome/56.0.2902.0 Safari/537.36"
[2017-03-02 21:50:45.774] [INFO] log_file - ::1 - - "GET /webapp.js HTTP/1.1" 304 - "http://localhost:7101/manage-users" "Mozilla/5.0 (Windows NT 10.0; WOW64) AppleWebKit/537.36 (KHTML, like Gecko) Chrome/56.0.2902.0 Safari/537.36"
[2017-03-02 21:50:45.777] [INFO] log_file - ::1 - - "GET /services/user.client.service.js HTTP/1.1" 304 - "http://localhost:7101/manage-users" "Mozilla/5.0 (Windows NT 10.0; WOW64) AppleWebKit/537.36 (KHTML, like Gecko) Chrome/56.0.2902.0 Safari/537.36"
[2017-03-02 21:50:45.779] [INFO] log_file - ::1 - - "GET /controllers/user.client.controller.js HTTP/1.1" 304 - "http://localhost:7101/manage-users" "Mozilla/5.0 (Windows NT 10.0; WOW64) AppleWebKit/537.36 (KHTML, like Gecko) Chrome/56.0.2902.0 Safari/537.36"
[2017-03-02 21:50:45.783] [INFO] log_file - ::1 - - "GET /lib/moment/moment.js HTTP/1.1" 304 - "http://localhost:7101/manage-users" "Mozilla/5.0 (Windows NT 10.0; WOW64) AppleWebKit/537.36 (KHTML, like Gecko) Chrome/56.0.2902.0 Safari/537.36"
[2017-03-02 21:50:46.045] [INFO] log_file - ::1 - - "GET /data/user HTTP/1.1" 304 - "http://localhost:7101/manage-users" "Mozilla/5.0 (Windows NT 10.0; WOW64) AppleWebKit/537.36 (KHTML, like Gecko) Chrome/56.0.2902.0 Safari/537.36"
[2017-03-02 21:50:46.058] [INFO] log_file - ::1 - - "GET /currentUser HTTP/1.1" 200 269 "http://localhost:7101/manage-users" "Mozilla/5.0 (Windows NT 10.0; WOW64) AppleWebKit/537.36 (KHTML, like Gecko) Chrome/56.0.2902.0 Safari/537.36"
[2017-03-03 13:48:37.343] [INFO] log_file - ::1 - - "GET / HTTP/1.1" 302 56 "" "Mozilla/5.0 (Windows NT 10.0; WOW64) AppleWebKit/537.36 (KHTML, like Gecko) Chrome/56.0.2902.0 Safari/537.36"
[2017-03-03 13:48:37.596] [INFO] log_file - ::1 - - "GET /login HTTP/1.1" 304 - "" "Mozilla/5.0 (Windows NT 10.0; WOW64) AppleWebKit/537.36 (KHTML, like Gecko) Chrome/56.0.2902.0 Safari/537.36"
[2017-03-03 13:48:37.608] [INFO] log_file - ::1 - - "GET /css/style.css HTTP/1.1" 304 - "http://localhost:7101/login" "Mozilla/5.0 (Windows NT 10.0; WOW64) AppleWebKit/537.36 (KHTML, like Gecko) Chrome/56.0.2902.0 Safari/537.36"
[2017-03-03 13:48:38.660] [INFO] log_file - ::1 - - "GET /iamges/background.png HTTP/1.1" 404 183 "http://localhost:7101/css/style.css" "Mozilla/5.0 (Windows NT 10.0; WOW64) AppleWebKit/537.36 (KHTML, like Gecko) Chrome/56.0.2902.0 Safari/537.36"
[2017-03-03 13:48:38.683] [INFO] log_file - ::1 - - "GET /favicon.ico HTTP/1.1" 404 183 "http://localhost:7101/login" "Mozilla/5.0 (Windows NT 10.0; WOW64) AppleWebKit/537.36 (KHTML, like Gecko) Chrome/56.0.2902.0 Safari/537.36"
[2017-03-03 13:49:01.075] [INFO] log_file - ::1 - - "GET / HTTP/1.1" 302 56 "" "Mozilla/5.0 (Windows NT 10.0; WOW64) AppleWebKit/537.36 (KHTML, like Gecko) Chrome/56.0.2902.0 Safari/537.36"
[2017-03-03 13:49:01.082] [INFO] log_file - ::1 - - "GET /login HTTP/1.1" 304 - "" "Mozilla/5.0 (Windows NT 10.0; WOW64) AppleWebKit/537.36 (KHTML, like Gecko) Chrome/56.0.2902.0 Safari/537.36"
[2017-03-03 13:49:01.092] [INFO] log_file - ::1 - - "GET /css/style.css HTTP/1.1" 304 - "http://localhost:7101/login" "Mozilla/5.0 (Windows NT 10.0; WOW64) AppleWebKit/537.36 (KHTML, like Gecko) Chrome/56.0.2902.0 Safari/537.36"
[2017-03-03 13:49:01.481] [INFO] log_file - ::1 - - "GET /iamges/background.png HTTP/1.1" 404 183 "http://localhost:7101/css/style.css" "Mozilla/5.0 (Windows NT 10.0; WOW64) AppleWebKit/537.36 (KHTML, like Gecko) Chrome/56.0.2902.0 Safari/537.36"
[2017-03-03 13:49:02.875] [INFO] log_file - ::1 - - "GET /doLogin?name=admin&password=admin HTTP/1.1" 302 46 "http://localhost:7101/login" "Mozilla/5.0 (Windows NT 10.0; WOW64) AppleWebKit/537.36 (KHTML, like Gecko) Chrome/56.0.2902.0 Safari/537.36"
[2017-03-03 13:49:02.884] [INFO] log_file - ::1 - - "GET / HTTP/1.1" 302 70 "http://localhost:7101/login" "Mozilla/5.0 (Windows NT 10.0; WOW64) AppleWebKit/537.36 (KHTML, like Gecko) Chrome/56.0.2902.0 Safari/537.36"
[2017-03-03 13:49:02.912] [INFO] log_file - ::1 - - "GET /manage-users HTTP/1.1" 304 - "http://localhost:7101/login" "Mozilla/5.0 (Windows NT 10.0; WOW64) AppleWebKit/537.36 (KHTML, like Gecko) Chrome/56.0.2902.0 Safari/537.36"
[2017-03-03 13:49:02.948] [INFO] log_file - ::1 - - "GET /css/templatemo-style.css HTTP/1.1" 304 - "http://localhost:7101/manage-users" "Mozilla/5.0 (Windows NT 10.0; WOW64) AppleWebKit/537.36 (KHTML, like Gecko) Chrome/56.0.2902.0 Safari/537.36"
[2017-03-03 13:49:02.950] [INFO] log_file - ::1 - - "GET /css/font-awesome.min.css HTTP/1.1" 304 - "http://localhost:7101/manage-users" "Mozilla/5.0 (Windows NT 10.0; WOW64) AppleWebKit/537.36 (KHTML, like Gecko) Chrome/56.0.2902.0 Safari/537.36"
[2017-03-03 13:49:02.959] [INFO] log_file - ::1 - - "GET /lib/bootstrap/dist/css/bootstrap.css HTTP/1.1" 304 - "http://localhost:7101/manage-users" "Mozilla/5.0 (Windows NT 10.0; WOW64) AppleWebKit/537.36 (KHTML, like Gecko) Chrome/56.0.2902.0 Safari/537.36"
[2017-03-03 13:49:02.961] [INFO] log_file - ::1 - - "GET /lib/bootstrap-fileinput/css/fileinput.min.css HTTP/1.1" 304 - "http://localhost:7101/manage-users" "Mozilla/5.0 (Windows NT 10.0; WOW64) AppleWebKit/537.36 (KHTML, like Gecko) Chrome/56.0.2902.0 Safari/537.36"
[2017-03-03 13:49:02.972] [INFO] log_file - ::1 - - "GET /lib/jquery/dist/jquery.js HTTP/1.1" 304 - "http://localhost:7101/manage-users" "Mozilla/5.0 (Windows NT 10.0; WOW64) AppleWebKit/537.36 (KHTML, like Gecko) Chrome/56.0.2902.0 Safari/537.36"
[2017-03-03 13:49:02.986] [INFO] log_file - ::1 - - "GET /js/templatemo-script.js HTTP/1.1" 304 - "http://localhost:7101/manage-users" "Mozilla/5.0 (Windows NT 10.0; WOW64) AppleWebKit/537.36 (KHTML, like Gecko) Chrome/56.0.2902.0 Safari/537.36"
[2017-03-03 13:49:02.994] [INFO] log_file - ::1 - - "GET /lib/angular/angular.js HTTP/1.1" 304 - "http://localhost:7101/manage-users" "Mozilla/5.0 (Windows NT 10.0; WOW64) AppleWebKit/537.36 (KHTML, like Gecko) Chrome/56.0.2902.0 Safari/537.36"
[2017-03-03 13:49:03.196] [INFO] log_file - ::1 - - "GET /lib/bootstrap-fileinput/js/fileinput.min.js HTTP/1.1" 304 - "http://localhost:7101/manage-users" "Mozilla/5.0 (Windows NT 10.0; WOW64) AppleWebKit/537.36 (KHTML, like Gecko) Chrome/56.0.2902.0 Safari/537.36"
[2017-03-03 13:49:03.198] [INFO] log_file - ::1 - - "GET /lib/bootstrap/dist/js/bootstrap.js HTTP/1.1" 304 - "http://localhost:7101/manage-users" "Mozilla/5.0 (Windows NT 10.0; WOW64) AppleWebKit/537.36 (KHTML, like Gecko) Chrome/56.0.2902.0 Safari/537.36"
[2017-03-03 13:49:03.199] [INFO] log_file - ::1 - - "GET /services/user.client.service.js HTTP/1.1" 304 - "http://localhost:7101/manage-users" "Mozilla/5.0 (Windows NT 10.0; WOW64) AppleWebKit/537.36 (KHTML, like Gecko) Chrome/56.0.2902.0 Safari/537.36"
[2017-03-03 13:49:03.202] [INFO] log_file - ::1 - - "GET /webapp.js HTTP/1.1" 304 - "http://localhost:7101/manage-users" "Mozilla/5.0 (Windows NT 10.0; WOW64) AppleWebKit/537.36 (KHTML, like Gecko) Chrome/56.0.2902.0 Safari/537.36"
[2017-03-03 13:49:03.204] [INFO] log_file - ::1 - - "GET /lib/bootstrap-fileinput/js/fileinput_locale_zh.js HTTP/1.1" 304 - "http://localhost:7101/manage-users" "Mozilla/5.0 (Windows NT 10.0; WOW64) AppleWebKit/537.36 (KHTML, like Gecko) Chrome/56.0.2902.0 Safari/537.36"
[2017-03-03 13:49:03.789] [INFO] log_file - ::1 - - "GET /lib/moment/moment.js HTTP/1.1" 304 - "http://localhost:7101/manage-users" "Mozilla/5.0 (Windows NT 10.0; WOW64) AppleWebKit/537.36 (KHTML, like Gecko) Chrome/56.0.2902.0 Safari/537.36"
[2017-03-03 13:49:03.790] [INFO] log_file - ::1 - - "GET /controllers/user.client.controller.js HTTP/1.1" 304 - "http://localhost:7101/manage-users" "Mozilla/5.0 (Windows NT 10.0; WOW64) AppleWebKit/537.36 (KHTML, like Gecko) Chrome/56.0.2902.0 Safari/537.36"
[2017-03-03 13:49:03.791] [INFO] log_file - ::1 - - "GET /images/profile-photo.jpg HTTP/1.1" 304 - "http://localhost:7101/manage-users" "Mozilla/5.0 (Windows NT 10.0; WOW64) AppleWebKit/537.36 (KHTML, like Gecko) Chrome/56.0.2902.0 Safari/537.36"
[2017-03-03 13:49:03.797] [INFO] log_file - ::1 - - "GET /fonts/fontawesome-webfont.woff2?v=4.3.0 HTTP/1.1" 304 - "http://localhost:7101/css/font-awesome.min.css" "Mozilla/5.0 (Windows NT 10.0; WOW64) AppleWebKit/537.36 (KHTML, like Gecko) Chrome/56.0.2902.0 Safari/537.36"
[2017-03-03 13:49:03.946] [INFO] log_file - ::1 - - "GET /data/user HTTP/1.1" 304 - "http://localhost:7101/manage-users" "Mozilla/5.0 (Windows NT 10.0; WOW64) AppleWebKit/537.36 (KHTML, like Gecko) Chrome/56.0.2902.0 Safari/537.36"
[2017-03-03 13:49:03.952] [INFO] log_file - ::1 - - "GET /currentUser HTTP/1.1" 200 269 "http://localhost:7101/manage-users" "Mozilla/5.0 (Windows NT 10.0; WOW64) AppleWebKit/537.36 (KHTML, like Gecko) Chrome/56.0.2902.0 Safari/537.36"
[2017-03-03 13:49:39.576] [INFO] log_file - ::ffff:192.168.8.104 - - "GET / HTTP/1.1" 302 56 "" "Mozilla/5.0 (Windows NT 10.0; WOW64) AppleWebKit/537.36 (KHTML, like Gecko) Chrome/56.0.2902.0 Safari/537.36"
[2017-03-03 13:49:39.587] [INFO] log_file - ::ffff:192.168.8.104 - - "GET /login HTTP/1.1" 200 923 "" "Mozilla/5.0 (Windows NT 10.0; WOW64) AppleWebKit/537.36 (KHTML, like Gecko) Chrome/56.0.2902.0 Safari/537.36"
[2017-03-03 13:49:39.607] [INFO] log_file - ::ffff:192.168.8.104 - - "GET /css/style.css HTTP/1.1" 200 9106 "http://192.168.8.104:7101/login" "Mozilla/5.0 (Windows NT 10.0; WOW64) AppleWebKit/537.36 (KHTML, like Gecko) Chrome/56.0.2902.0 Safari/537.36"
[2017-03-03 13:49:40.010] [INFO] log_file - ::ffff:192.168.8.104 - - "GET /iamges/background.png HTTP/1.1" 404 183 "http://192.168.8.104:7101/css/style.css" "Mozilla/5.0 (Windows NT 10.0; WOW64) AppleWebKit/537.36 (KHTML, like Gecko) Chrome/56.0.2902.0 Safari/537.36"
[2017-03-03 13:49:40.119] [INFO] log_file - ::ffff:192.168.8.104 - - "GET /favicon.ico HTTP/1.1" 404 183 "http://192.168.8.104:7101/login" "Mozilla/5.0 (Windows NT 10.0; WOW64) AppleWebKit/537.36 (KHTML, like Gecko) Chrome/56.0.2902.0 Safari/537.36"
[2017-03-03 13:49:43.916] [INFO] log_file - ::ffff:192.168.8.104 - - "GET /signup HTTP/1.1" 200 5368 "http://192.168.8.104:7101/login" "Mozilla/5.0 (Windows NT 10.0; WOW64) AppleWebKit/537.36 (KHTML, like Gecko) Chrome/56.0.2902.0 Safari/537.36"
[2017-03-03 13:49:43.961] [INFO] log_file - ::ffff:192.168.8.104 - - "GET /lib/bootstrap/dist/css/bootstrap.min.css HTTP/1.1" 200 121260 "http://192.168.8.104:7101/signup" "Mozilla/5.0 (Windows NT 10.0; WOW64) AppleWebKit/537.36 (KHTML, like Gecko) Chrome/56.0.2902.0 Safari/537.36"
[2017-03-03 13:49:43.983] [INFO] log_file - ::ffff:192.168.8.104 - - "GET /lib/bootstrap-fileinput/css/fileinput.min.css HTTP/1.1" 200 3547 "http://192.168.8.104:7101/signup" "Mozilla/5.0 (Windows NT 10.0; WOW64) AppleWebKit/537.36 (KHTML, like Gecko) Chrome/56.0.2902.0 Safari/537.36"
[2017-03-03 13:49:43.991] [INFO] log_file - ::ffff:192.168.8.104 - - "GET /lib/bootstrap-fileinput/js/fileinput.min.js HTTP/1.1" 200 60300 "http://192.168.8.104:7101/signup" "Mozilla/5.0 (Windows NT 10.0; WOW64) AppleWebKit/537.36 (KHTML, like Gecko) Chrome/56.0.2902.0 Safari/537.36"
[2017-03-03 13:49:43.992] [INFO] log_file - ::ffff:192.168.8.104 - - "GET /lib/bootstrap/dist/js/bootstrap.js HTTP/1.1" 200 68954 "http://192.168.8.104:7101/signup" "Mozilla/5.0 (Windows NT 10.0; WOW64) AppleWebKit/537.36 (KHTML, like Gecko) Chrome/56.0.2902.0 Safari/537.36"
[2017-03-03 13:49:44.008] [INFO] log_file - ::ffff:192.168.8.104 - - "GET /lib/bootstrap-fileinput/js/fileinput_locale_zh.js HTTP/1.1" 200 3100 "http://192.168.8.104:7101/signup" "Mozilla/5.0 (Windows NT 10.0; WOW64) AppleWebKit/537.36 (KHTML, like Gecko) Chrome/56.0.2902.0 Safari/537.36"
[2017-03-03 13:49:44.017] [INFO] log_file - ::ffff:192.168.8.104 - - "GET /lib/jquery/dist/jquery.js HTTP/1.1" 200 258549 "http://192.168.8.104:7101/signup" "Mozilla/5.0 (Windows NT 10.0; WOW64) AppleWebKit/537.36 (KHTML, like Gecko) Chrome/56.0.2902.0 Safari/537.36"
[2017-03-03 13:49:44.023] [INFO] log_file - ::ffff:192.168.8.104 - - "GET /webapp.js HTTP/1.1" 200 59 "http://192.168.8.104:7101/signup" "Mozilla/5.0 (Windows NT 10.0; WOW64) AppleWebKit/537.36 (KHTML, like Gecko) Chrome/56.0.2902.0 Safari/537.36"
[2017-03-03 13:49:44.024] [INFO] log_file - ::ffff:192.168.8.104 - - "GET /services/signup.client.service.js HTTP/1.1" 200 895 "http://192.168.8.104:7101/signup" "Mozilla/5.0 (Windows NT 10.0; WOW64) AppleWebKit/537.36 (KHTML, like Gecko) Chrome/56.0.2902.0 Safari/537.36"
[2017-03-03 13:49:44.026] [INFO] log_file - ::ffff:192.168.8.104 - - "GET /controllers/signup.client.controller.js HTTP/1.1" 200 2074 "http://192.168.8.104:7101/signup" "Mozilla/5.0 (Windows NT 10.0; WOW64) AppleWebKit/537.36 (KHTML, like Gecko) Chrome/56.0.2902.0 Safari/537.36"
[2017-03-03 13:49:44.122] [INFO] log_file - ::ffff:192.168.8.104 - - "GET /lib/angular/angular.js HTTP/1.1" 200 1127642 "http://192.168.8.104:7101/signup" "Mozilla/5.0 (Windows NT 10.0; WOW64) AppleWebKit/537.36 (KHTML, like Gecko) Chrome/56.0.2902.0 Safari/537.36"
[2017-03-03 13:49:44.175] [INFO] log_file - ::ffff:192.168.8.104 - - "GET /iamges/background.png HTTP/1.1" 404 183 "http://192.168.8.104:7101/signup" "Mozilla/5.0 (Windows NT 10.0; WOW64) AppleWebKit/537.36 (KHTML, like Gecko) Chrome/56.0.2902.0 Safari/537.36"
[2017-03-03 13:49:44.376] [INFO] log_file - ::ffff:192.168.8.104 - - "GET /lib/bootstrap/dist/fonts/glyphicons-halflings-regular.woff2 HTTP/1.1" 200 18028 "http://192.168.8.104:7101/lib/bootstrap/dist/css/bootstrap.min.css" "Mozilla/5.0 (Windows NT 10.0; WOW64) AppleWebKit/537.36 (KHTML, like Gecko) Chrome/56.0.2902.0 Safari/537.36"
[2017-03-03 13:49:51.612] [INFO] log_file - ::ffff:192.168.8.104 - - "POST /doSign HTTP/1.1" 302 23 "http://192.168.8.104:7101/signup" "Mozilla/5.0 (Windows NT 10.0; WOW64) AppleWebKit/537.36 (KHTML, like Gecko) Chrome/56.0.2902.0 Safari/537.36"
[2017-03-03 13:49:51.619] [INFO] log_file - ::ffff:192.168.8.104 - - "GET / HTTP/1.1" 302 28 "http://192.168.8.104:7101/signup" "Mozilla/5.0 (Windows NT 10.0; WOW64) AppleWebKit/537.36 (KHTML, like Gecko) Chrome/56.0.2902.0 Safari/537.36"
[2017-03-03 13:49:51.624] [INFO] log_file - ::ffff:192.168.8.104 - - "GET /login HTTP/1.1" 304 - "http://192.168.8.104:7101/signup" "Mozilla/5.0 (Windows NT 10.0; WOW64) AppleWebKit/537.36 (KHTML, like Gecko) Chrome/56.0.2902.0 Safari/537.36"
[2017-03-03 13:49:52.756] [INFO] log_file - ::ffff:192.168.8.104 - - "GET /login HTTP/1.1" 304 - "http://192.168.8.104:7101/signup" "Mozilla/5.0 (Windows NT 10.0; WOW64) AppleWebKit/537.36 (KHTML, like Gecko) Chrome/56.0.2902.0 Safari/537.36"
[2017-03-03 13:49:52.791] [INFO] log_file - ::ffff:192.168.8.104 - - "GET /css/style.css HTTP/1.1" 304 - "http://192.168.8.104:7101/login" "Mozilla/5.0 (Windows NT 10.0; WOW64) AppleWebKit/537.36 (KHTML, like Gecko) Chrome/56.0.2902.0 Safari/537.36"
[2017-03-03 13:49:52.959] [INFO] log_file - ::ffff:192.168.8.104 - - "GET /iamges/background.png HTTP/1.1" 404 183 "http://192.168.8.104:7101/css/style.css" "Mozilla/5.0 (Windows NT 10.0; WOW64) AppleWebKit/537.36 (KHTML, like Gecko) Chrome/56.0.2902.0 Safari/537.36"
[2017-03-03 13:49:55.295] [INFO] log_file - ::ffff:192.168.8.104 - - "GET /doLogin?name=test&password=123 HTTP/1.1" 302 46 "http://192.168.8.104:7101/login" "Mozilla/5.0 (Windows NT 10.0; WOW64) AppleWebKit/537.36 (KHTML, like Gecko) Chrome/56.0.2902.0 Safari/537.36"
[2017-03-03 13:49:55.300] [INFO] log_file - ::ffff:192.168.8.104 - - "GET / HTTP/1.1" 302 62 "http://192.168.8.104:7101/login" "Mozilla/5.0 (Windows NT 10.0; WOW64) AppleWebKit/537.36 (KHTML, like Gecko) Chrome/56.0.2902.0 Safari/537.36"
[2017-03-03 13:49:55.312] [INFO] log_file - ::ffff:192.168.8.104 - - "GET /dizaster HTTP/1.1" 200 17368 "http://192.168.8.104:7101/login" "Mozilla/5.0 (Windows NT 10.0; WOW64) AppleWebKit/537.36 (KHTML, like Gecko) Chrome/56.0.2902.0 Safari/537.36"
[2017-03-03 13:49:55.351] [INFO] log_file - ::ffff:192.168.8.104 - - "GET /lib/bootstrap/dist/css/bootstrap.min.css HTTP/1.1" 304 - "http://192.168.8.104:7101/dizaster" "Mozilla/5.0 (Windows NT 10.0; WOW64) AppleWebKit/537.36 (KHTML, like Gecko) Chrome/56.0.2902.0 Safari/537.36"
[2017-03-03 13:49:55.362] [INFO] log_file - ::ffff:192.168.8.104 - - "GET /lib/jquery-datepicker/css/jquery.datetimepicker.css HTTP/1.1" 200 18420 "http://192.168.8.104:7101/dizaster" "Mozilla/5.0 (Windows NT 10.0; WOW64) AppleWebKit/537.36 (KHTML, like Gecko) Chrome/56.0.2902.0 Safari/537.36"
[2017-03-03 13:49:55.363] [INFO] log_file - ::ffff:192.168.8.104 - - "GET /css/templatemo-style.css HTTP/1.1" 200 16664 "http://192.168.8.104:7101/dizaster" "Mozilla/5.0 (Windows NT 10.0; WOW64) AppleWebKit/537.36 (KHTML, like Gecko) Chrome/56.0.2902.0 Safari/537.36"
[2017-03-03 13:49:55.364] [INFO] log_file - ::ffff:192.168.8.104 - - "GET /css/font-awesome.min.css HTTP/1.1" 200 23739 "http://192.168.8.104:7101/dizaster" "Mozilla/5.0 (Windows NT 10.0; WOW64) AppleWebKit/537.36 (KHTML, like Gecko) Chrome/56.0.2902.0 Safari/537.36"
[2017-03-03 13:49:55.374] [INFO] log_file - ::ffff:192.168.8.104 - - "GET /js/jquery-1.11.2.min.js HTTP/1.1" 200 95931 "http://192.168.8.104:7101/dizaster" "Mozilla/5.0 (Windows NT 10.0; WOW64) AppleWebKit/537.36 (KHTML, like Gecko) Chrome/56.0.2902.0 Safari/537.36"
[2017-03-03 13:49:55.383] [INFO] log_file - ::ffff:192.168.8.104 - - "GET /js/templatemo-script.js HTTP/1.1" 200 502 "http://192.168.8.104:7101/dizaster" "Mozilla/5.0 (Windows NT 10.0; WOW64) AppleWebKit/537.36 (KHTML, like Gecko) Chrome/56.0.2902.0 Safari/537.36"
[2017-03-03 13:49:55.387] [INFO] log_file - ::ffff:192.168.8.104 - - "GET /lib/angular/angular.js HTTP/1.1" 304 - "http://192.168.8.104:7101/dizaster" "Mozilla/5.0 (Windows NT 10.0; WOW64) AppleWebKit/537.36 (KHTML, like Gecko) Chrome/56.0.2902.0 Safari/537.36"
[2017-03-03 13:49:55.394] [INFO] log_file - ::ffff:192.168.8.104 - - "GET /lib/jquery/dist/jquery.js HTTP/1.1" 304 - "http://192.168.8.104:7101/dizaster" "Mozilla/5.0 (Windows NT 10.0; WOW64) AppleWebKit/537.36 (KHTML, like Gecko) Chrome/56.0.2902.0 Safari/537.36"
[2017-03-03 13:49:55.403] [INFO] log_file - ::ffff:192.168.8.104 - - "GET /lib/bootstrap/dist/js/bootstrap.js HTTP/1.1" 304 - "http://192.168.8.104:7101/dizaster" "Mozilla/5.0 (Windows NT 10.0; WOW64) AppleWebKit/537.36 (KHTML, like Gecko) Chrome/56.0.2902.0 Safari/537.36"
[2017-03-03 13:49:55.411] [INFO] log_file - ::ffff:192.168.8.104 - - "GET /webapp.js HTTP/1.1" 304 - "http://192.168.8.104:7101/dizaster" "Mozilla/5.0 (Windows NT 10.0; WOW64) AppleWebKit/537.36 (KHTML, like Gecko) Chrome/56.0.2902.0 Safari/537.36"
[2017-03-03 13:49:55.420] [INFO] log_file - ::ffff:192.168.8.104 - - "GET /services/dizaster.client.service.js HTTP/1.1" 200 1465 "http://192.168.8.104:7101/dizaster" "Mozilla/5.0 (Windows NT 10.0; WOW64) AppleWebKit/537.36 (KHTML, like Gecko) Chrome/56.0.2902.0 Safari/537.36"
[2017-03-03 13:49:55.431] [INFO] log_file - ::ffff:192.168.8.104 - - "GET /controllers/dizaster.client.controller.js HTTP/1.1" 200 3561 "http://192.168.8.104:7101/dizaster" "Mozilla/5.0 (Windows NT 10.0; WOW64) AppleWebKit/537.36 (KHTML, like Gecko) Chrome/56.0.2902.0 Safari/537.36"
[2017-03-03 13:49:55.440] [INFO] log_file - ::ffff:192.168.8.104 - - "GET /lib/jquery-datepicker/js/jquery.datetimepicker.full.js HTTP/1.1" 200 114077 "http://192.168.8.104:7101/dizaster" "Mozilla/5.0 (Windows NT 10.0; WOW64) AppleWebKit/537.36 (KHTML, like Gecko) Chrome/56.0.2902.0 Safari/537.36"
[2017-03-03 13:49:55.450] [INFO] log_file - ::ffff:192.168.8.104 - - "GET /lib/moment/moment.js HTTP/1.1" 200 138945 "http://192.168.8.104:7101/dizaster" "Mozilla/5.0 (Windows NT 10.0; WOW64) AppleWebKit/537.36 (KHTML, like Gecko) Chrome/56.0.2902.0 Safari/537.36"
[2017-03-03 13:49:55.459] [INFO] log_file - ::ffff:192.168.8.104 - - "GET /images/profile-photo.jpg HTTP/1.1" 200 16507 "http://192.168.8.104:7101/dizaster" "Mozilla/5.0 (Windows NT 10.0; WOW64) AppleWebKit/537.36 (KHTML, like Gecko) Chrome/56.0.2902.0 Safari/537.36"
[2017-03-03 13:49:55.704] [INFO] log_file - ::ffff:192.168.8.104 - - "GET /fonts/fontawesome-webfont.woff2?v=4.3.0 HTTP/1.1" 200 56780 "http://192.168.8.104:7101/css/font-awesome.min.css" "Mozilla/5.0 (Windows NT 10.0; WOW64) AppleWebKit/537.36 (KHTML, like Gecko) Chrome/56.0.2902.0 Safari/537.36"
[2017-03-03 13:49:55.725] [INFO] log_file - ::ffff:192.168.8.104 - - "GET /currentUser HTTP/1.1" 200 270 "http://192.168.8.104:7101/dizaster" "Mozilla/5.0 (Windows NT 10.0; WOW64) AppleWebKit/537.36 (KHTML, like Gecko) Chrome/56.0.2902.0 Safari/537.36"
[2017-03-03 13:49:55.895] [INFO] log_file - ::ffff:192.168.8.104 - - "GET /data/dizaster HTTP/1.1" 200 2 "http://192.168.8.104:7101/dizaster" "Mozilla/5.0 (Windows NT 10.0; WOW64) AppleWebKit/537.36 (KHTML, like Gecko) Chrome/56.0.2902.0 Safari/537.36"
[2017-03-03 13:49:57.931] [INFO] log_file - ::ffff:192.168.8.104 - - "GET /manage-users HTTP/1.1" 200 282 "http://192.168.8.104:7101/dizaster" "Mozilla/5.0 (Windows NT 10.0; WOW64) AppleWebKit/537.36 (KHTML, like Gecko) Chrome/56.0.2902.0 Safari/537.36"
[2017-03-03 13:50:25.416] [INFO] log_file - ::ffff:192.168.8.104 - - "GET /manage-users HTTP/1.1" 304 - "http://192.168.8.104:7101/dizaster" "Mozilla/5.0 (Windows NT 10.0; WOW64) AppleWebKit/537.36 (KHTML, like Gecko) Chrome/56.0.2902.0 Safari/537.36"
[2017-03-03 13:50:30.720] [INFO] log_file - ::ffff:192.168.8.104 - - "GET /warning HTTP/1.1" 200 28528 "http://192.168.8.104:7101/dizaster" "Mozilla/5.0 (Windows NT 10.0; WOW64) AppleWebKit/537.36 (KHTML, like Gecko) Chrome/56.0.2902.0 Safari/537.36"
[2017-03-03 13:50:30.754] [INFO] log_file - ::ffff:192.168.8.104 - - "GET /lib/bootstrap/dist/css/bootstrap.min.css HTTP/1.1" 304 - "http://192.168.8.104:7101/warning" "Mozilla/5.0 (Windows NT 10.0; WOW64) AppleWebKit/537.36 (KHTML, like Gecko) Chrome/56.0.2902.0 Safari/537.36"
[2017-03-03 13:50:30.756] [INFO] log_file - ::ffff:192.168.8.104 - - "GET /lib/jquery-datepicker/css/jquery.datetimepicker.css HTTP/1.1" 304 - "http://192.168.8.104:7101/warning" "Mozilla/5.0 (Windows NT 10.0; WOW64) AppleWebKit/537.36 (KHTML, like Gecko) Chrome/56.0.2902.0 Safari/537.36"
[2017-03-03 13:50:30.757] [INFO] log_file - ::ffff:192.168.8.104 - - "GET /css/font-awesome.min.css HTTP/1.1" 304 - "http://192.168.8.104:7101/warning" "Mozilla/5.0 (Windows NT 10.0; WOW64) AppleWebKit/537.36 (KHTML, like Gecko) Chrome/56.0.2902.0 Safari/537.36"
[2017-03-03 13:50:30.760] [INFO] log_file - ::ffff:192.168.8.104 - - "GET /css/templatemo-style.css HTTP/1.1" 304 - "http://192.168.8.104:7101/warning" "Mozilla/5.0 (Windows NT 10.0; WOW64) AppleWebKit/537.36 (KHTML, like Gecko) Chrome/56.0.2902.0 Safari/537.36"
[2017-03-03 13:50:30.768] [INFO] log_file - ::ffff:192.168.8.104 - - "GET /js/jquery-1.11.2.min.js HTTP/1.1" 304 - "http://192.168.8.104:7101/warning" "Mozilla/5.0 (Windows NT 10.0; WOW64) AppleWebKit/537.36 (KHTML, like Gecko) Chrome/56.0.2902.0 Safari/537.36"
[2017-03-03 13:50:30.777] [INFO] log_file - ::ffff:192.168.8.104 - - "GET /js/templatemo-script.js HTTP/1.1" 304 - "http://192.168.8.104:7101/warning" "Mozilla/5.0 (Windows NT 10.0; WOW64) AppleWebKit/537.36 (KHTML, like Gecko) Chrome/56.0.2902.0 Safari/537.36"
[2017-03-03 13:50:30.783] [INFO] log_file - ::ffff:192.168.8.104 - - "GET /lib/jquery/dist/jquery.js HTTP/1.1" 304 - "http://192.168.8.104:7101/warning" "Mozilla/5.0 (Windows NT 10.0; WOW64) AppleWebKit/537.36 (KHTML, like Gecko) Chrome/56.0.2902.0 Safari/537.36"
[2017-03-03 13:50:30.791] [INFO] log_file - ::ffff:192.168.8.104 - - "GET /lib/angular/angular.js HTTP/1.1" 304 - "http://192.168.8.104:7101/warning" "Mozilla/5.0 (Windows NT 10.0; WOW64) AppleWebKit/537.36 (KHTML, like Gecko) Chrome/56.0.2902.0 Safari/537.36"
[2017-03-03 13:50:30.799] [INFO] log_file - ::ffff:192.168.8.104 - - "GET /lib/bootstrap/dist/js/bootstrap.js HTTP/1.1" 304 - "http://192.168.8.104:7101/warning" "Mozilla/5.0 (Windows NT 10.0; WOW64) AppleWebKit/537.36 (KHTML, like Gecko) Chrome/56.0.2902.0 Safari/537.36"
[2017-03-03 13:50:30.806] [INFO] log_file - ::ffff:192.168.8.104 - - "GET /webapp.js HTTP/1.1" 304 - "http://192.168.8.104:7101/warning" "Mozilla/5.0 (Windows NT 10.0; WOW64) AppleWebKit/537.36 (KHTML, like Gecko) Chrome/56.0.2902.0 Safari/537.36"
[2017-03-03 13:50:30.815] [INFO] log_file - ::ffff:192.168.8.104 - - "GET /services/warning.client.service.js HTTP/1.1" 200 1535 "http://192.168.8.104:7101/warning" "Mozilla/5.0 (Windows NT 10.0; WOW64) AppleWebKit/537.36 (KHTML, like Gecko) Chrome/56.0.2902.0 Safari/537.36"
[2017-03-03 13:50:30.822] [INFO] log_file - ::ffff:192.168.8.104 - - "GET /controllers/warning.client.controller.js HTTP/1.1" 200 4261 "http://192.168.8.104:7101/warning" "Mozilla/5.0 (Windows NT 10.0; WOW64) AppleWebKit/537.36 (KHTML, like Gecko) Chrome/56.0.2902.0 Safari/537.36"
[2017-03-03 13:50:30.828] [INFO] log_file - ::ffff:192.168.8.104 - - "GET /lib/jquery-datepicker/js/jquery.datetimepicker.full.js HTTP/1.1" 304 - "http://192.168.8.104:7101/warning" "Mozilla/5.0 (Windows NT 10.0; WOW64) AppleWebKit/537.36 (KHTML, like Gecko) Chrome/56.0.2902.0 Safari/537.36"
[2017-03-03 13:50:30.835] [INFO] log_file - ::ffff:192.168.8.104 - - "GET /lib/moment/moment.js HTTP/1.1" 304 - "http://192.168.8.104:7101/warning" "Mozilla/5.0 (Windows NT 10.0; WOW64) AppleWebKit/537.36 (KHTML, like Gecko) Chrome/56.0.2902.0 Safari/537.36"
[2017-03-03 13:50:30.843] [INFO] log_file - ::ffff:192.168.8.104 - - "GET /images/profile-photo.jpg HTTP/1.1" 304 - "http://192.168.8.104:7101/warning" "Mozilla/5.0 (Windows NT 10.0; WOW64) AppleWebKit/537.36 (KHTML, like Gecko) Chrome/56.0.2902.0 Safari/537.36"
[2017-03-03 13:50:30.971] [INFO] log_file - ::ffff:192.168.8.104 - - "GET /fonts/fontawesome-webfont.woff2?v=4.3.0 HTTP/1.1" 304 - "http://192.168.8.104:7101/css/font-awesome.min.css" "Mozilla/5.0 (Windows NT 10.0; WOW64) AppleWebKit/537.36 (KHTML, like Gecko) Chrome/56.0.2902.0 Safari/537.36"
[2017-03-03 13:50:30.982] [INFO] log_file - ::ffff:192.168.8.104 - - "GET /currentUser HTTP/1.1" 304 - "http://192.168.8.104:7101/warning" "Mozilla/5.0 (Windows NT 10.0; WOW64) AppleWebKit/537.36 (KHTML, like Gecko) Chrome/56.0.2902.0 Safari/537.36"
[2017-03-03 13:50:31.213] [INFO] log_file - ::ffff:192.168.8.104 - - "GET /data/warning HTTP/1.1" 200 2 "http://192.168.8.104:7101/warning" "Mozilla/5.0 (Windows NT 10.0; WOW64) AppleWebKit/537.36 (KHTML, like Gecko) Chrome/56.0.2902.0 Safari/537.36"
[2017-03-03 13:50:32.029] [INFO] log_file - ::ffff:192.168.8.104 - - "GET /dizaster HTTP/1.1" 304 - "http://192.168.8.104:7101/warning" "Mozilla/5.0 (Windows NT 10.0; WOW64) AppleWebKit/537.36 (KHTML, like Gecko) Chrome/56.0.2902.0 Safari/537.36"
[2017-03-03 13:50:32.068] [INFO] log_file - ::ffff:192.168.8.104 - - "GET /lib/bootstrap/dist/css/bootstrap.min.css HTTP/1.1" 304 - "http://192.168.8.104:7101/dizaster" "Mozilla/5.0 (Windows NT 10.0; WOW64) AppleWebKit/537.36 (KHTML, like Gecko) Chrome/56.0.2902.0 Safari/537.36"
[2017-03-03 13:50:32.070] [INFO] log_file - ::ffff:192.168.8.104 - - "GET /lib/jquery-datepicker/css/jquery.datetimepicker.css HTTP/1.1" 304 - "http://192.168.8.104:7101/dizaster" "Mozilla/5.0 (Windows NT 10.0; WOW64) AppleWebKit/537.36 (KHTML, like Gecko) Chrome/56.0.2902.0 Safari/537.36"
[2017-03-03 13:50:32.072] [INFO] log_file - ::ffff:192.168.8.104 - - "GET /css/font-awesome.min.css HTTP/1.1" 304 - "http://192.168.8.104:7101/dizaster" "Mozilla/5.0 (Windows NT 10.0; WOW64) AppleWebKit/537.36 (KHTML, like Gecko) Chrome/56.0.2902.0 Safari/537.36"
[2017-03-03 13:50:32.073] [INFO] log_file - ::ffff:192.168.8.104 - - "GET /css/templatemo-style.css HTTP/1.1" 304 - "http://192.168.8.104:7101/dizaster" "Mozilla/5.0 (Windows NT 10.0; WOW64) AppleWebKit/537.36 (KHTML, like Gecko) Chrome/56.0.2902.0 Safari/537.36"
[2017-03-03 13:50:32.082] [INFO] log_file - ::ffff:192.168.8.104 - - "GET /js/jquery-1.11.2.min.js HTTP/1.1" 304 - "http://192.168.8.104:7101/dizaster" "Mozilla/5.0 (Windows NT 10.0; WOW64) AppleWebKit/537.36 (KHTML, like Gecko) Chrome/56.0.2902.0 Safari/537.36"
[2017-03-03 13:50:32.090] [INFO] log_file - ::ffff:192.168.8.104 - - "GET /js/templatemo-script.js HTTP/1.1" 304 - "http://192.168.8.104:7101/dizaster" "Mozilla/5.0 (Windows NT 10.0; WOW64) AppleWebKit/537.36 (KHTML, like Gecko) Chrome/56.0.2902.0 Safari/537.36"
[2017-03-03 13:50:32.102] [INFO] log_file - ::ffff:192.168.8.104 - - "GET /lib/angular/angular.js HTTP/1.1" 304 - "http://192.168.8.104:7101/dizaster" "Mozilla/5.0 (Windows NT 10.0; WOW64) AppleWebKit/537.36 (KHTML, like Gecko) Chrome/56.0.2902.0 Safari/537.36"
[2017-03-03 13:50:32.109] [INFO] log_file - ::ffff:192.168.8.104 - - "GET /lib/jquery/dist/jquery.js HTTP/1.1" 304 - "http://192.168.8.104:7101/dizaster" "Mozilla/5.0 (Windows NT 10.0; WOW64) AppleWebKit/537.36 (KHTML, like Gecko) Chrome/56.0.2902.0 Safari/537.36"
[2017-03-03 13:50:32.116] [INFO] log_file - ::ffff:192.168.8.104 - - "GET /lib/bootstrap/dist/js/bootstrap.js HTTP/1.1" 304 - "http://192.168.8.104:7101/dizaster" "Mozilla/5.0 (Windows NT 10.0; WOW64) AppleWebKit/537.36 (KHTML, like Gecko) Chrome/56.0.2902.0 Safari/537.36"
[2017-03-03 13:50:32.123] [INFO] log_file - ::ffff:192.168.8.104 - - "GET /webapp.js HTTP/1.1" 304 - "http://192.168.8.104:7101/dizaster" "Mozilla/5.0 (Windows NT 10.0; WOW64) AppleWebKit/537.36 (KHTML, like Gecko) Chrome/56.0.2902.0 Safari/537.36"
[2017-03-03 13:50:32.131] [INFO] log_file - ::ffff:192.168.8.104 - - "GET /services/dizaster.client.service.js HTTP/1.1" 304 - "http://192.168.8.104:7101/dizaster" "Mozilla/5.0 (Windows NT 10.0; WOW64) AppleWebKit/537.36 (KHTML, like Gecko) Chrome/56.0.2902.0 Safari/537.36"
[2017-03-03 13:50:32.137] [INFO] log_file - ::ffff:192.168.8.104 - - "GET /controllers/dizaster.client.controller.js HTTP/1.1" 304 - "http://192.168.8.104:7101/dizaster" "Mozilla/5.0 (Windows NT 10.0; WOW64) AppleWebKit/537.36 (KHTML, like Gecko) Chrome/56.0.2902.0 Safari/537.36"
[2017-03-03 13:50:32.145] [INFO] log_file - ::ffff:192.168.8.104 - - "GET /lib/jquery-datepicker/js/jquery.datetimepicker.full.js HTTP/1.1" 304 - "http://192.168.8.104:7101/dizaster" "Mozilla/5.0 (Windows NT 10.0; WOW64) AppleWebKit/537.36 (KHTML, like Gecko) Chrome/56.0.2902.0 Safari/537.36"
[2017-03-03 13:50:32.153] [INFO] log_file - ::ffff:192.168.8.104 - - "GET /lib/moment/moment.js HTTP/1.1" 304 - "http://192.168.8.104:7101/dizaster" "Mozilla/5.0 (Windows NT 10.0; WOW64) AppleWebKit/537.36 (KHTML, like Gecko) Chrome/56.0.2902.0 Safari/537.36"
[2017-03-03 13:50:32.162] [INFO] log_file - ::ffff:192.168.8.104 - - "GET /images/profile-photo.jpg HTTP/1.1" 304 - "http://192.168.8.104:7101/dizaster" "Mozilla/5.0 (Windows NT 10.0; WOW64) AppleWebKit/537.36 (KHTML, like Gecko) Chrome/56.0.2902.0 Safari/537.36"
[2017-03-03 13:50:32.264] [INFO] log_file - ::ffff:192.168.8.104 - - "GET /fonts/fontawesome-webfont.woff2?v=4.3.0 HTTP/1.1" 304 - "http://192.168.8.104:7101/css/font-awesome.min.css" "Mozilla/5.0 (Windows NT 10.0; WOW64) AppleWebKit/537.36 (KHTML, like Gecko) Chrome/56.0.2902.0 Safari/537.36"
[2017-03-03 13:50:32.271] [INFO] log_file - ::ffff:192.168.8.104 - - "GET /currentUser HTTP/1.1" 304 - "http://192.168.8.104:7101/dizaster" "Mozilla/5.0 (Windows NT 10.0; WOW64) AppleWebKit/537.36 (KHTML, like Gecko) Chrome/56.0.2902.0 Safari/537.36"
[2017-03-03 13:50:32.379] [INFO] log_file - ::ffff:192.168.8.104 - - "GET /data/dizaster HTTP/1.1" 304 - "http://192.168.8.104:7101/dizaster" "Mozilla/5.0 (Windows NT 10.0; WOW64) AppleWebKit/537.36 (KHTML, like Gecko) Chrome/56.0.2902.0 Safari/537.36"
[2017-03-03 13:50:54.826] [INFO] log_file - ::ffff:192.168.8.104 - - "POST /data/dizaster HTTP/1.1" 200 150 "http://192.168.8.104:7101/dizaster" "Mozilla/5.0 (Windows NT 10.0; WOW64) AppleWebKit/537.36 (KHTML, like Gecko) Chrome/56.0.2902.0 Safari/537.36"
[2017-03-03 13:50:54.838] [INFO] log_file - ::ffff:192.168.8.104 - - "GET /data/dizaster HTTP/1.1" 200 152 "http://192.168.8.104:7101/dizaster" "Mozilla/5.0 (Windows NT 10.0; WOW64) AppleWebKit/537.36 (KHTML, like Gecko) Chrome/56.0.2902.0 Safari/537.36"
[2017-03-03 13:50:56.549] [INFO] log_file - ::ffff:192.168.8.104 - - "GET /data/dizaster/58b9043e0b1933182af4da2c HTTP/1.1" 200 150 "http://192.168.8.104:7101/dizaster" "Mozilla/5.0 (Windows NT 10.0; WOW64) AppleWebKit/537.36 (KHTML, like Gecko) Chrome/56.0.2902.0 Safari/537.36"
[2017-03-03 13:50:58.511] [INFO] log_file - ::ffff:192.168.8.104 - - "GET /data/dizaster/58b9043e0b1933182af4da2c HTTP/1.1" 304 - "http://192.168.8.104:7101/dizaster" "Mozilla/5.0 (Windows NT 10.0; WOW64) AppleWebKit/537.36 (KHTML, like Gecko) Chrome/56.0.2902.0 Safari/537.36"
[2017-03-03 13:51:03.163] [INFO] log_file - ::ffff:192.168.8.104 - - "GET /data/dizaster/58b9043e0b1933182af4da2c HTTP/1.1" 304 - "http://192.168.8.104:7101/dizaster" "Mozilla/5.0 (Windows NT 10.0; WOW64) AppleWebKit/537.36 (KHTML, like Gecko) Chrome/56.0.2902.0 Safari/537.36"
[2017-03-03 13:51:05.101] [INFO] log_file - ::ffff:192.168.8.104 - - "GET /data/dizaster/58b9043e0b1933182af4da2c HTTP/1.1" 304 - "http://192.168.8.104:7101/dizaster" "Mozilla/5.0 (Windows NT 10.0; WOW64) AppleWebKit/537.36 (KHTML, like Gecko) Chrome/56.0.2902.0 Safari/537.36"
[2017-03-03 13:51:10.116] [INFO] log_file - ::ffff:192.168.8.104 - - "GET /data/dizaster/58b9043e0b1933182af4da2c HTTP/1.1" 304 - "http://192.168.8.104:7101/dizaster" "Mozilla/5.0 (Windows NT 10.0; WOW64) AppleWebKit/537.36 (KHTML, like Gecko) Chrome/56.0.2902.0 Safari/537.36"
[2017-03-03 13:51:12.621] [INFO] log_file - ::ffff:192.168.8.104 - - "GET /data/dizaster/58b9043e0b1933182af4da2c HTTP/1.1" 304 - "http://192.168.8.104:7101/dizaster" "Mozilla/5.0 (Windows NT 10.0; WOW64) AppleWebKit/537.36 (KHTML, like Gecko) Chrome/56.0.2902.0 Safari/537.36"
[2017-03-03 13:51:17.169] [INFO] log_file - ::ffff:192.168.8.104 - - "DELETE /data/dizaster/58b9043e0b1933182af4da2c HTTP/1.1" 200 17 "http://192.168.8.104:7101/dizaster" "Mozilla/5.0 (Windows NT 10.0; WOW64) AppleWebKit/537.36 (KHTML, like Gecko) Chrome/56.0.2902.0 Safari/537.36"
[2017-03-03 13:51:17.190] [INFO] log_file - ::ffff:192.168.8.104 - - "GET /data/dizaster HTTP/1.1" 200 2 "http://192.168.8.104:7101/dizaster" "Mozilla/5.0 (Windows NT 10.0; WOW64) AppleWebKit/537.36 (KHTML, like Gecko) Chrome/56.0.2902.0 Safari/537.36"
[2017-03-03 13:51:20.917] [INFO] log_file - ::ffff:192.168.8.104 - - "GET /dizaster HTTP/1.1" 304 - "http://192.168.8.104:7101/warning" "Mozilla/5.0 (Windows NT 10.0; WOW64) AppleWebKit/537.36 (KHTML, like Gecko) Chrome/56.0.2902.0 Safari/537.36"
[2017-03-03 13:51:20.957] [INFO] log_file - ::ffff:192.168.8.104 - - "GET /lib/bootstrap/dist/css/bootstrap.min.css HTTP/1.1" 304 - "http://192.168.8.104:7101/dizaster" "Mozilla/5.0 (Windows NT 10.0; WOW64) AppleWebKit/537.36 (KHTML, like Gecko) Chrome/56.0.2902.0 Safari/537.36"
[2017-03-03 13:51:20.959] [INFO] log_file - ::ffff:192.168.8.104 - - "GET /lib/jquery-datepicker/css/jquery.datetimepicker.css HTTP/1.1" 304 - "http://192.168.8.104:7101/dizaster" "Mozilla/5.0 (Windows NT 10.0; WOW64) AppleWebKit/537.36 (KHTML, like Gecko) Chrome/56.0.2902.0 Safari/537.36"
[2017-03-03 13:51:20.962] [INFO] log_file - ::ffff:192.168.8.104 - - "GET /css/font-awesome.min.css HTTP/1.1" 304 - "http://192.168.8.104:7101/dizaster" "Mozilla/5.0 (Windows NT 10.0; WOW64) AppleWebKit/537.36 (KHTML, like Gecko) Chrome/56.0.2902.0 Safari/537.36"
[2017-03-03 13:51:20.963] [INFO] log_file - ::ffff:192.168.8.104 - - "GET /css/templatemo-style.css HTTP/1.1" 304 - "http://192.168.8.104:7101/dizaster" "Mozilla/5.0 (Windows NT 10.0; WOW64) AppleWebKit/537.36 (KHTML, like Gecko) Chrome/56.0.2902.0 Safari/537.36"
[2017-03-03 13:51:20.972] [INFO] log_file - ::ffff:192.168.8.104 - - "GET /js/jquery-1.11.2.min.js HTTP/1.1" 304 - "http://192.168.8.104:7101/dizaster" "Mozilla/5.0 (Windows NT 10.0; WOW64) AppleWebKit/537.36 (KHTML, like Gecko) Chrome/56.0.2902.0 Safari/537.36"
[2017-03-03 13:51:20.982] [INFO] log_file - ::ffff:192.168.8.104 - - "GET /js/templatemo-script.js HTTP/1.1" 304 - "http://192.168.8.104:7101/dizaster" "Mozilla/5.0 (Windows NT 10.0; WOW64) AppleWebKit/537.36 (KHTML, like Gecko) Chrome/56.0.2902.0 Safari/537.36"
[2017-03-03 13:51:20.990] [INFO] log_file - ::ffff:192.168.8.104 - - "GET /lib/angular/angular.js HTTP/1.1" 304 - "http://192.168.8.104:7101/dizaster" "Mozilla/5.0 (Windows NT 10.0; WOW64) AppleWebKit/537.36 (KHTML, like Gecko) Chrome/56.0.2902.0 Safari/537.36"
[2017-03-03 13:51:20.998] [INFO] log_file - ::ffff:192.168.8.104 - - "GET /lib/jquery/dist/jquery.js HTTP/1.1" 304 - "http://192.168.8.104:7101/dizaster" "Mozilla/5.0 (Windows NT 10.0; WOW64) AppleWebKit/537.36 (KHTML, like Gecko) Chrome/56.0.2902.0 Safari/537.36"
[2017-03-03 13:51:21.005] [INFO] log_file - ::ffff:192.168.8.104 - - "GET /lib/bootstrap/dist/js/bootstrap.js HTTP/1.1" 304 - "http://192.168.8.104:7101/dizaster" "Mozilla/5.0 (Windows NT 10.0; WOW64) AppleWebKit/537.36 (KHTML, like Gecko) Chrome/56.0.2902.0 Safari/537.36"
[2017-03-03 13:51:21.014] [INFO] log_file - ::ffff:192.168.8.104 - - "GET /webapp.js HTTP/1.1" 304 - "http://192.168.8.104:7101/dizaster" "Mozilla/5.0 (Windows NT 10.0; WOW64) AppleWebKit/537.36 (KHTML, like Gecko) Chrome/56.0.2902.0 Safari/537.36"
[2017-03-03 13:51:21.021] [INFO] log_file - ::ffff:192.168.8.104 - - "GET /services/dizaster.client.service.js HTTP/1.1" 304 - "http://192.168.8.104:7101/dizaster" "Mozilla/5.0 (Windows NT 10.0; WOW64) AppleWebKit/537.36 (KHTML, like Gecko) Chrome/56.0.2902.0 Safari/537.36"
[2017-03-03 13:51:21.029] [INFO] log_file - ::ffff:192.168.8.104 - - "GET /controllers/dizaster.client.controller.js HTTP/1.1" 304 - "http://192.168.8.104:7101/dizaster" "Mozilla/5.0 (Windows NT 10.0; WOW64) AppleWebKit/537.36 (KHTML, like Gecko) Chrome/56.0.2902.0 Safari/537.36"
[2017-03-03 13:51:21.036] [INFO] log_file - ::ffff:192.168.8.104 - - "GET /lib/jquery-datepicker/js/jquery.datetimepicker.full.js HTTP/1.1" 304 - "http://192.168.8.104:7101/dizaster" "Mozilla/5.0 (Windows NT 10.0; WOW64) AppleWebKit/537.36 (KHTML, like Gecko) Chrome/56.0.2902.0 Safari/537.36"
[2017-03-03 13:51:21.045] [INFO] log_file - ::ffff:192.168.8.104 - - "GET /lib/moment/moment.js HTTP/1.1" 304 - "http://192.168.8.104:7101/dizaster" "Mozilla/5.0 (Windows NT 10.0; WOW64) AppleWebKit/537.36 (KHTML, like Gecko) Chrome/56.0.2902.0 Safari/537.36"
[2017-03-03 13:51:21.052] [INFO] log_file - ::ffff:192.168.8.104 - - "GET /images/profile-photo.jpg HTTP/1.1" 304 - "http://192.168.8.104:7101/dizaster" "Mozilla/5.0 (Windows NT 10.0; WOW64) AppleWebKit/537.36 (KHTML, like Gecko) Chrome/56.0.2902.0 Safari/537.36"
[2017-03-03 13:51:21.207] [INFO] log_file - ::ffff:192.168.8.104 - - "GET /fonts/fontawesome-webfont.woff2?v=4.3.0 HTTP/1.1" 304 - "http://192.168.8.104:7101/css/font-awesome.min.css" "Mozilla/5.0 (Windows NT 10.0; WOW64) AppleWebKit/537.36 (KHTML, like Gecko) Chrome/56.0.2902.0 Safari/537.36"
[2017-03-03 13:51:21.215] [INFO] log_file - ::ffff:192.168.8.104 - - "GET /currentUser HTTP/1.1" 304 - "http://192.168.8.104:7101/dizaster" "Mozilla/5.0 (Windows NT 10.0; WOW64) AppleWebKit/537.36 (KHTML, like Gecko) Chrome/56.0.2902.0 Safari/537.36"
[2017-03-03 13:51:21.398] [INFO] log_file - ::ffff:192.168.8.104 - - "GET /data/dizaster HTTP/1.1" 304 - "http://192.168.8.104:7101/dizaster" "Mozilla/5.0 (Windows NT 10.0; WOW64) AppleWebKit/537.36 (KHTML, like Gecko) Chrome/56.0.2902.0 Safari/537.36"
[2017-03-03 13:51:24.017] [INFO] log_file - ::ffff:192.168.8.104 - - "GET /manage-users HTTP/1.1" 304 - "http://192.168.8.104:7101/dizaster" "Mozilla/5.0 (Windows NT 10.0; WOW64) AppleWebKit/537.36 (KHTML, like Gecko) Chrome/56.0.2902.0 Safari/537.36"
[2017-03-03 13:51:28.742] [INFO] log_file - ::1 - - "GET /manage-users HTTP/1.1" 304 - "http://localhost:7101/login" "Mozilla/5.0 (Windows NT 10.0; WOW64) AppleWebKit/537.36 (KHTML, like Gecko) Chrome/56.0.2902.0 Safari/537.36"
[2017-03-03 13:51:28.781] [INFO] log_file - ::1 - - "GET /lib/bootstrap/dist/css/bootstrap.css HTTP/1.1" 304 - "http://localhost:7101/manage-users" "Mozilla/5.0 (Windows NT 10.0; WOW64) AppleWebKit/537.36 (KHTML, like Gecko) Chrome/56.0.2902.0 Safari/537.36"
[2017-03-03 13:51:28.783] [INFO] log_file - ::1 - - "GET /lib/bootstrap-fileinput/css/fileinput.min.css HTTP/1.1" 304 - "http://localhost:7101/manage-users" "Mozilla/5.0 (Windows NT 10.0; WOW64) AppleWebKit/537.36 (KHTML, like Gecko) Chrome/56.0.2902.0 Safari/537.36"
[2017-03-03 13:51:28.784] [INFO] log_file - ::1 - - "GET /css/font-awesome.min.css HTTP/1.1" 304 - "http://localhost:7101/manage-users" "Mozilla/5.0 (Windows NT 10.0; WOW64) AppleWebKit/537.36 (KHTML, like Gecko) Chrome/56.0.2902.0 Safari/537.36"
[2017-03-03 13:51:28.785] [INFO] log_file - ::1 - - "GET /css/templatemo-style.css HTTP/1.1" 304 - "http://localhost:7101/manage-users" "Mozilla/5.0 (Windows NT 10.0; WOW64) AppleWebKit/537.36 (KHTML, like Gecko) Chrome/56.0.2902.0 Safari/537.36"
[2017-03-03 13:51:28.793] [INFO] log_file - ::1 - - "GET /lib/jquery/dist/jquery.js HTTP/1.1" 304 - "http://localhost:7101/manage-users" "Mozilla/5.0 (Windows NT 10.0; WOW64) AppleWebKit/537.36 (KHTML, like Gecko) Chrome/56.0.2902.0 Safari/537.36"
[2017-03-03 13:51:28.800] [INFO] log_file - ::1 - - "GET /js/templatemo-script.js HTTP/1.1" 304 - "http://localhost:7101/manage-users" "Mozilla/5.0 (Windows NT 10.0; WOW64) AppleWebKit/537.36 (KHTML, like Gecko) Chrome/56.0.2902.0 Safari/537.36"
[2017-03-03 13:51:28.807] [INFO] log_file - ::1 - - "GET /lib/angular/angular.js HTTP/1.1" 304 - "http://localhost:7101/manage-users" "Mozilla/5.0 (Windows NT 10.0; WOW64) AppleWebKit/537.36 (KHTML, like Gecko) Chrome/56.0.2902.0 Safari/537.36"
[2017-03-03 13:51:28.814] [INFO] log_file - ::1 - - "GET /lib/bootstrap/dist/js/bootstrap.js HTTP/1.1" 304 - "http://localhost:7101/manage-users" "Mozilla/5.0 (Windows NT 10.0; WOW64) AppleWebKit/537.36 (KHTML, like Gecko) Chrome/56.0.2902.0 Safari/537.36"
[2017-03-03 13:51:28.823] [INFO] log_file - ::1 - - "GET /lib/bootstrap-fileinput/js/fileinput.min.js HTTP/1.1" 304 - "http://localhost:7101/manage-users" "Mozilla/5.0 (Windows NT 10.0; WOW64) AppleWebKit/537.36 (KHTML, like Gecko) Chrome/56.0.2902.0 Safari/537.36"
[2017-03-03 13:51:28.831] [INFO] log_file - ::1 - - "GET /lib/bootstrap-fileinput/js/fileinput_locale_zh.js HTTP/1.1" 304 - "http://localhost:7101/manage-users" "Mozilla/5.0 (Windows NT 10.0; WOW64) AppleWebKit/537.36 (KHTML, like Gecko) Chrome/56.0.2902.0 Safari/537.36"
[2017-03-03 13:51:28.840] [INFO] log_file - ::1 - - "GET /webapp.js HTTP/1.1" 304 - "http://localhost:7101/manage-users" "Mozilla/5.0 (Windows NT 10.0; WOW64) AppleWebKit/537.36 (KHTML, like Gecko) Chrome/56.0.2902.0 Safari/537.36"
[2017-03-03 13:51:28.847] [INFO] log_file - ::1 - - "GET /services/user.client.service.js HTTP/1.1" 304 - "http://localhost:7101/manage-users" "Mozilla/5.0 (Windows NT 10.0; WOW64) AppleWebKit/537.36 (KHTML, like Gecko) Chrome/56.0.2902.0 Safari/537.36"
[2017-03-03 13:51:28.853] [INFO] log_file - ::1 - - "GET /controllers/user.client.controller.js HTTP/1.1" 304 - "http://localhost:7101/manage-users" "Mozilla/5.0 (Windows NT 10.0; WOW64) AppleWebKit/537.36 (KHTML, like Gecko) Chrome/56.0.2902.0 Safari/537.36"
[2017-03-03 13:51:28.861] [INFO] log_file - ::1 - - "GET /lib/moment/moment.js HTTP/1.1" 304 - "http://localhost:7101/manage-users" "Mozilla/5.0 (Windows NT 10.0; WOW64) AppleWebKit/537.36 (KHTML, like Gecko) Chrome/56.0.2902.0 Safari/537.36"
[2017-03-03 13:51:28.867] [INFO] log_file - ::1 - - "GET /images/profile-photo.jpg HTTP/1.1" 304 - "http://localhost:7101/manage-users" "Mozilla/5.0 (Windows NT 10.0; WOW64) AppleWebKit/537.36 (KHTML, like Gecko) Chrome/56.0.2902.0 Safari/537.36"
[2017-03-03 13:51:29.311] [INFO] log_file - ::1 - - "GET /fonts/fontawesome-webfont.woff2?v=4.3.0 HTTP/1.1" 304 - "http://localhost:7101/css/font-awesome.min.css" "Mozilla/5.0 (Windows NT 10.0; WOW64) AppleWebKit/537.36 (KHTML, like Gecko) Chrome/56.0.2902.0 Safari/537.36"
[2017-03-03 13:51:29.377] [INFO] log_file - ::1 - - "GET /data/user HTTP/1.1" 200 727 "http://localhost:7101/manage-users" "Mozilla/5.0 (Windows NT 10.0; WOW64) AppleWebKit/537.36 (KHTML, like Gecko) Chrome/56.0.2902.0 Safari/537.36"
[2017-03-03 13:51:29.389] [INFO] log_file - ::1 - - "GET /currentUser HTTP/1.1" 304 - "http://localhost:7101/manage-users" "Mozilla/5.0 (Windows NT 10.0; WOW64) AppleWebKit/537.36 (KHTML, like Gecko) Chrome/56.0.2902.0 Safari/537.36"
